{
  "stats": {
    "suites": 1,
    "tests": 1,
    "passes": 1,
    "pending": 0,
    "failures": 0,
    "start": "2025-11-25T12:11:42.983Z",
    "end": "2025-11-25T12:11:43.407Z",
    "duration": 424,
    "testsRegistered": 1,
    "passPercent": 100,
    "pendingPercent": 0,
    "other": 0,
    "hasOther": false,
    "skipped": 0,
    "hasSkipped": false
  },
  "results": [
    {
      "uuid": "dcc2e58a-5cd4-4f54-9e3e-833f3f30cbb1",
      "title": "",
      "fullFile": "cypress\\e2e\\basics\\checkbox.cy.js",
      "file": "cypress\\e2e\\basics\\checkbox.cy.js",
      "beforeHooks": [],
      "afterHooks": [],
      "tests": [],
      "suites": [
        {
          "uuid": "112f6bd3-98eb-4030-a1e8-b5a28219ec82",
          "title": "Test Checkbox",
          "fullFile": "",
          "file": "",
          "beforeHooks": [],
          "afterHooks": [],
          "tests": [
            {
              "title": "Seleziona e deseleziona una checkbox",
              "fullTitle": "Test Checkbox Seleziona e deseleziona una checkbox",
              "timedOut": null,
              "duration": 391,
              "state": "passed",
              "speed": "fast",
              "pass": true,
              "fail": false,
              "pending": false,
              "context": null,
              "code": "cy.visit('cypress/fixtures/checkbox.html');\n// Controlla che la checkbox sia visibile\ncy.get('input[name=\"newsletter\"]').should('be.visible');\n// Seleziona la checkbox\ncy.get('input[name=\"newsletter\"]').check().should('be.checked');\n// Deseleziona la checkbox\ncy.get('input[name=\"newsletter\"]').uncheck().should('not.be.checked');",
              "err": {},
              "uuid": "7a49cfc7-6d94-47f3-ae73-6f6a0ceaeb8e",
              "parentUUID": "112f6bd3-98eb-4030-a1e8-b5a28219ec82",
              "isHook": false,
              "skipped": false
            }
          ],
          "suites": [],
          "passes": [
            "7a49cfc7-6d94-47f3-ae73-6f6a0ceaeb8e"
          ],
          "failures": [],
          "pending": [],
          "skipped": [],
          "duration": 391,
          "root": false,
          "rootEmpty": false,
          "_timeout": 2000
        }
      ],
      "passes": [],
      "failures": [],
      "pending": [],
      "skipped": [],
      "duration": 0,
      "root": true,
      "rootEmpty": true,
      "_timeout": 2000
    }
  ],
  "meta": {
    "mocha": {
      "version": "7.2.0"
    },
    "mochawesome": {
      "options": {
        "quiet": false,
        "reportFilename": "mochawesome",
        "saveHtml": true,
        "saveJson": true,
        "consoleReporter": "spec",
        "useInlineDiffs": false,
        "code": true
      },
      "version": "7.1.4"
    },
    "marge": {
      "options": {
        "reportDir": "cypress/reports",
        "overwrite": false,
        "html": true,
        "json": true
      },
      "version": "6.3.2"
    }
  }
}