{
  "stats": {
    "suites": 1,
    "tests": 2,
    "passes": 0,
    "pending": 0,
    "failures": 2,
    "start": "2025-12-02T15:34:22.899Z",
    "end": "2025-12-02T15:34:32.639Z",
    "duration": 9740,
    "testsRegistered": 2,
    "passPercent": 0,
    "pendingPercent": 0,
    "other": 0,
    "hasOther": false,
    "skipped": 0,
    "hasSkipped": false
  },
  "results": [
    {
      "uuid": "4716950c-8560-436d-9e01-391bbd39785c",
      "title": "",
      "fullFile": "cypress\\e2e\\api\\api_intercept.cy.js",
      "file": "cypress\\e2e\\api\\api_intercept.cy.js",
      "beforeHooks": [],
      "afterHooks": [],
      "tests": [],
      "suites": [
        {
          "uuid": "b0b7dc05-f2d7-4d7d-b5a5-3b0b77289080",
          "title": "API Intercept Tests - SauceDemo",
          "fullFile": "",
          "file": "",
          "beforeHooks": [],
          "afterHooks": [],
          "tests": [
            {
              "title": "Mock add-to-cart API and verify request",
              "fullTitle": "API Intercept Tests - SauceDemo Mock add-to-cart API and verify request",
              "timedOut": null,
              "duration": 8197,
              "state": "failed",
              "speed": null,
              "pass": false,
              "fail": true,
              "pending": false,
              "context": null,
              "code": "// Intercetta la richiesta di aggiunta al carrello\ncy.intercept('POST', '**/cart/*', {\n  statusCode: 200,\n  body: {\n    success: true\n  }\n}).as('mockAdd');\n// Clicca \"Add to cart\" sul primo prodotto\ncy.get('[data-test=add-to-cart-sauce-labs-backpack]').click();\n// Aspetta la chiamata mockata\ncy.wait('@mockAdd').its('response.statusCode').should('eq', 200);\n// Verifica badge carrello aggiornato\ncy.get('.shopping_cart_badge').should('contain.text', '1');",
              "err": {
                "message": "CypressError: Timed out retrying after 5000ms: `cy.wait()` timed out waiting `5000ms` for the 1st request to the route: `mockAdd`. No request ever occurred.\n\nhttps://on.cypress.io/wait",
                "estack": "CypressError: Timed out retrying after 5000ms: `cy.wait()` timed out waiting `5000ms` for the 1st request to the route: `mockAdd`. No request ever occurred.\n\nhttps://on.cypress.io/wait\n    at cypressErr (https://www.saucedemo.com/__cypress/runner/cypress_runner.js:77680:18)\n    at Object.errByPath (https://www.saucedemo.com/__cypress/runner/cypress_runner.js:77734:10)\n    at checkForXhr (https://www.saucedemo.com/__cypress/runner/cypress_runner.js:138761:84)\n    at <unknown> (https://www.saucedemo.com/__cypress/runner/cypress_runner.js:138787:28)\n    at tryCatcher (https://www.saucedemo.com/__cypress/runner/cypress_runner.js:1777:23)\n    at Promise.attempt.Promise.try (https://www.saucedemo.com/__cypress/runner/cypress_runner.js:4285:29)\n    at whenStable (https://www.saucedemo.com/__cypress/runner/cypress_runner.js:147197:68)\n    at <unknown> (https://www.saucedemo.com/__cypress/runner/cypress_runner.js:147138:14)\n    at tryCatcher (https://www.saucedemo.com/__cypress/runner/cypress_runner.js:1777:23)\n    at Promise._settlePromiseFromHandler (https://www.saucedemo.com/__cypress/runner/cypress_runner.js:1489:31)\n    at Promise._settlePromise (https://www.saucedemo.com/__cypress/runner/cypress_runner.js:1546:18)\n    at Promise._settlePromise0 (https://www.saucedemo.com/__cypress/runner/cypress_runner.js:1591:10)\n    at Promise._settlePromises (https://www.saucedemo.com/__cypress/runner/cypress_runner.js:1671:18)\n    at Promise._fulfill (https://www.saucedemo.com/__cypress/runner/cypress_runner.js:1615:18)\n    at <unknown> (https://www.saucedemo.com/__cypress/runner/cypress_runner.js:5420:46)",
                "diff": null
              },
              "uuid": "25bb5fe4-760c-47f3-a01e-70b8513d2183",
              "parentUUID": "b0b7dc05-f2d7-4d7d-b5a5-3b0b77289080",
              "isHook": false,
              "skipped": false
            },
            {
              "title": "Intercept inventory GET request and modify response",
              "fullTitle": "API Intercept Tests - SauceDemo Intercept inventory GET request and modify response",
              "timedOut": null,
              "duration": 1480,
              "state": "failed",
              "speed": null,
              "pass": false,
              "fail": true,
              "pending": false,
              "context": null,
              "code": "cy.intercept('GET', '**/inventory.json', req => {\n  req.reply({\n    statusCode: 200,\n    body: [{\n      id: 1,\n      name: 'Mocked Product',\n      price: 9.99\n    }]\n  });\n}).as('mockInventory');\n// Ricarica pagina per far partire la GET\ncy.visit('/inventory.html');\n// Verifica che il prodotto mockato sia presente\ncy.get('.inventory_item_name').should('contain.text', 'Mocked Product');\ncy.get('.inventory_item_price').should('contain.text', '9.99');",
              "err": {
                "message": "CypressError: `cy.visit()` failed trying to load:\n\nhttps://www.saucedemo.com/inventory.html\n\nThe response we received from your web server was:\n\n  > 404: Not Found\n\nThis was considered a failure because the status code was not `2xx`.\n\nIf you do not want status codes to cause failures pass the option: `failOnStatusCode: false`",
                "estack": "CypressError: `cy.visit()` failed trying to load:\n\nhttps://www.saucedemo.com/inventory.html\n\nThe response we received from your web server was:\n\n  > 404: Not Found\n\nThis was considered a failure because the status code was not `2xx`.\n\nIf you do not want status codes to cause failures pass the option: `failOnStatusCode: false`\n    at <unknown> (https://www.saucedemo.com/__cypress/runner/cypress_runner.js:134982:76)\n    at visitFailedByErr (https://www.saucedemo.com/__cypress/runner/cypress_runner.js:134552:12)\n    at <unknown> (https://www.saucedemo.com/__cypress/runner/cypress_runner.js:134965:13)\n    at tryCatcher (https://www.saucedemo.com/__cypress/runner/cypress_runner.js:1777:23)\n    at Promise._settlePromiseFromHandler (https://www.saucedemo.com/__cypress/runner/cypress_runner.js:1489:31)\n    at Promise._settlePromise (https://www.saucedemo.com/__cypress/runner/cypress_runner.js:1546:18)\n    at Promise._settlePromise0 (https://www.saucedemo.com/__cypress/runner/cypress_runner.js:1591:10)\n    at Promise._settlePromises (https://www.saucedemo.com/__cypress/runner/cypress_runner.js:1667:18)\n    at _drainQueueStep (https://www.saucedemo.com/__cypress/runner/cypress_runner.js:2377:12)\n    at _drainQueue (https://www.saucedemo.com/__cypress/runner/cypress_runner.js:2370:9)\n    at Async._drainQueues (https://www.saucedemo.com/__cypress/runner/cypress_runner.js:2386:5)\n    at Async.drainQueues (https://www.saucedemo.com/__cypress/runner/cypress_runner.js:2256:14)",
                "diff": null
              },
              "uuid": "228c8d8b-d45f-4067-96d4-6a728b32c0d2",
              "parentUUID": "b0b7dc05-f2d7-4d7d-b5a5-3b0b77289080",
              "isHook": false,
              "skipped": false
            }
          ],
          "suites": [],
          "passes": [],
          "failures": [
            "25bb5fe4-760c-47f3-a01e-70b8513d2183",
            "228c8d8b-d45f-4067-96d4-6a728b32c0d2"
          ],
          "pending": [],
          "skipped": [],
          "duration": 9677,
          "root": false,
          "rootEmpty": false,
          "_timeout": 2000
        }
      ],
      "passes": [],
      "failures": [],
      "pending": [],
      "skipped": [],
      "duration": 0,
      "root": true,
      "rootEmpty": true,
      "_timeout": 2000
    }
  ],
  "meta": {
    "mocha": {
      "version": "7.2.0"
    },
    "mochawesome": {
      "options": {
        "quiet": false,
        "reportFilename": "mochawesome",
        "saveHtml": false,
        "saveJson": true,
        "consoleReporter": "spec",
        "useInlineDiffs": false,
        "code": true
      },
      "version": "7.1.4"
    },
    "marge": {
      "options": {
        "reportDir": "cypress/reports",
        "overwrite": false,
        "html": false,
        "json": true
      },
      "version": "6.3.2"
    }
  }
}