{
  "stats": {
    "suites": 1,
    "tests": 1,
    "passes": 0,
    "pending": 0,
    "failures": 1,
    "start": "2025-11-26T12:05:08.197Z",
    "end": "2025-11-26T12:05:09.150Z",
    "duration": 953,
    "testsRegistered": 1,
    "passPercent": 0,
    "pendingPercent": 0,
    "other": 0,
    "hasOther": false,
    "skipped": 0,
    "hasSkipped": false
  },
  "results": [
    {
      "uuid": "739a3fb3-b37f-4121-bca1-d4cd2f0903ab",
      "title": "",
      "fullFile": "cypress\\e2e\\api\\apiStub.cy.js",
      "file": "cypress\\e2e\\api\\apiStub.cy.js",
      "beforeHooks": [],
      "afterHooks": [],
      "tests": [],
      "suites": [
        {
          "uuid": "5cfa71bc-2977-4ae1-8869-d8e898112aa7",
          "title": "API Stub Test",
          "fullFile": "",
          "file": "",
          "beforeHooks": [],
          "afterHooks": [],
          "tests": [
            {
              "title": "should intercept API call and return stubbed data",
              "fullTitle": "API Stub Test should intercept API call and return stubbed data",
              "timedOut": null,
              "duration": 836,
              "state": "failed",
              "speed": null,
              "pass": false,
              "fail": true,
              "pending": false,
              "context": null,
              "code": "cy.intercept('GET', '/api/users', {\n  fixture: 'users.json'\n}).as('getUsers');\ncy.visit('/users');\ncy.wait('@getUsers');\ncy.get('.user-card').should('have.length', 3); // based on fixture",
              "err": {
                "message": "CypressError: `cy.visit()` failed trying to load:\n\n/users\n\nWe failed looking for this file at the path:\n\n/CypressClean/users\n\nThe internal Cypress web server responded with:\n\n  > 404: Not Found",
                "estack": "CypressError: `cy.visit()` failed trying to load:\n\n/users\n\nWe failed looking for this file at the path:\n\n/CypressClean/users\n\nThe internal Cypress web server responded with:\n\n  > 404: Not Found\n    at <unknown> (http://localhost:56641/__cypress/runner/cypress_runner.js:134982:76)\n    at visitFailedByErr (http://localhost:56641/__cypress/runner/cypress_runner.js:134552:12)\n    at <unknown> (http://localhost:56641/__cypress/runner/cypress_runner.js:134965:13)\n    at tryCatcher (http://localhost:56641/__cypress/runner/cypress_runner.js:1777:23)\n    at Promise._settlePromiseFromHandler (http://localhost:56641/__cypress/runner/cypress_runner.js:1489:31)\n    at Promise._settlePromise (http://localhost:56641/__cypress/runner/cypress_runner.js:1546:18)\n    at Promise._settlePromise0 (http://localhost:56641/__cypress/runner/cypress_runner.js:1591:10)\n    at Promise._settlePromises (http://localhost:56641/__cypress/runner/cypress_runner.js:1667:18)\n    at _drainQueueStep (http://localhost:56641/__cypress/runner/cypress_runner.js:2377:12)\n    at _drainQueue (http://localhost:56641/__cypress/runner/cypress_runner.js:2370:9)\n    at Async._drainQueues (http://localhost:56641/__cypress/runner/cypress_runner.js:2386:5)\n    at Async.drainQueues (http://localhost:56641/__cypress/runner/cypress_runner.js:2256:14)\nFrom Your Spec Code:\n    at Context.eval (webpack://cypressclean/./cypress/e2e/api/apiStub.cy.js:5:7)",
                "diff": null
              },
              "uuid": "8f5f1d2b-c314-462d-b660-e07e738cc41b",
              "parentUUID": "5cfa71bc-2977-4ae1-8869-d8e898112aa7",
              "isHook": false,
              "skipped": false
            }
          ],
          "suites": [],
          "passes": [],
          "failures": [
            "8f5f1d2b-c314-462d-b660-e07e738cc41b"
          ],
          "pending": [],
          "skipped": [],
          "duration": 836,
          "root": false,
          "rootEmpty": false,
          "_timeout": 2000
        }
      ],
      "passes": [],
      "failures": [],
      "pending": [],
      "skipped": [],
      "duration": 0,
      "root": true,
      "rootEmpty": true,
      "_timeout": 2000
    }
  ],
  "meta": {
    "mocha": {
      "version": "7.2.0"
    },
    "mochawesome": {
      "options": {
        "quiet": false,
        "reportFilename": "mochawesome",
        "saveHtml": false,
        "saveJson": true,
        "consoleReporter": "spec",
        "useInlineDiffs": false,
        "code": true
      },
      "version": "7.1.4"
    },
    "marge": {
      "options": {
        "reportDir": "cypress/reports",
        "overwrite": false,
        "html": false,
        "json": true
      },
      "version": "6.3.2"
    }
  }
}