{
  "stats": {
    "suites": 1,
    "tests": 1,
    "passes": 1,
    "pending": 0,
    "failures": 0,
    "start": "2025-11-26T13:00:44.854Z",
    "end": "2025-11-26T13:00:48.524Z",
    "duration": 3670,
    "testsRegistered": 1,
    "passPercent": 100,
    "pendingPercent": 0,
    "other": 0,
    "hasOther": false,
    "skipped": 0,
    "hasSkipped": false
  },
  "results": [
    {
      "uuid": "22bbaf24-cfb7-41c1-ab4d-3ec20d42358d",
      "title": "",
      "fullFile": "cypress\\e2e\\basics\\hello.cy.js",
      "file": "cypress\\e2e\\basics\\hello.cy.js",
      "beforeHooks": [],
      "afterHooks": [],
      "tests": [],
      "suites": [
        {
          "uuid": "fe4c8dca-9ff2-4108-876d-18054afa9d24",
          "title": "Hello World Test",
          "fullFile": "",
          "file": "",
          "beforeHooks": [],
          "afterHooks": [],
          "tests": [
            {
              "title": "Visita Google e controlla il titolo",
              "fullTitle": "Hello World Test Visita Google e controlla il titolo",
              "timedOut": null,
              "duration": 1359,
              "state": "passed",
              "speed": "fast",
              "pass": true,
              "fail": false,
              "pending": false,
              "context": null,
              "code": "cy.visit('https://www.google.com');\ncy.title().should('include', 'Google');",
              "err": {},
              "uuid": "c621c1a2-7247-4af8-b3e2-a61b100309fe",
              "parentUUID": "fe4c8dca-9ff2-4108-876d-18054afa9d24",
              "isHook": false,
              "skipped": false
            }
          ],
          "suites": [],
          "passes": [
            "c621c1a2-7247-4af8-b3e2-a61b100309fe"
          ],
          "failures": [],
          "pending": [],
          "skipped": [],
          "duration": 1359,
          "root": false,
          "rootEmpty": false,
          "_timeout": 2000
        }
      ],
      "passes": [],
      "failures": [],
      "pending": [],
      "skipped": [],
      "duration": 0,
      "root": true,
      "rootEmpty": true,
      "_timeout": 2000
    }
  ],
  "meta": {
    "mocha": {
      "version": "7.2.0"
    },
    "mochawesome": {
      "options": {
        "quiet": false,
        "reportFilename": "mochawesome",
        "saveHtml": false,
        "saveJson": true,
        "consoleReporter": "spec",
        "useInlineDiffs": false,
        "code": true
      },
      "version": "7.1.4"
    },
    "marge": {
      "options": {
        "reportDir": "cypress/reports",
        "overwrite": false,
        "html": false,
        "json": true
      },
      "version": "6.3.2"
    }
  }
}