{
  "stats": {
    "suites": 1,
    "tests": 3,
    "passes": 3,
    "pending": 0,
    "failures": 0,
    "start": "2025-11-26T13:01:11.074Z",
    "end": "2025-11-26T13:01:14.164Z",
    "duration": 3090,
    "testsRegistered": 3,
    "passPercent": 100,
    "pendingPercent": 0,
    "other": 0,
    "hasOther": false,
    "skipped": 0,
    "hasSkipped": false
  },
  "results": [
    {
      "uuid": "d1eefd26-1992-47b1-b60f-e23463ac9dfd",
      "title": "",
      "fullFile": "cypress\\e2e\\dataDriven\\dataDriven.cy.js",
      "file": "cypress\\e2e\\dataDriven\\dataDriven.cy.js",
      "beforeHooks": [],
      "afterHooks": [],
      "tests": [],
      "suites": [
        {
          "uuid": "e88c59c6-0379-4e16-a540-95d1877ee604",
          "title": "Data Driven Login - SauceDemo",
          "fullFile": "",
          "file": "",
          "beforeHooks": [],
          "afterHooks": [],
          "tests": [
            {
              "title": "should login with user: standard_user",
              "fullTitle": "Data Driven Login - SauceDemo should login with user: standard_user",
              "timedOut": null,
              "duration": 1260,
              "state": "passed",
              "speed": "fast",
              "pass": true,
              "fail": false,
              "pending": false,
              "context": null,
              "code": "cy.visit('/');\ncy.get('[data-test=username]').type(user.username);\ncy.get('[data-test=password]').type(user.password);\ncy.get('[data-test=login-button]').click();\nif (user.success) {\n  cy.url().should('include', '/inventory.html');\n} else {\n  cy.get('[data-test=error]').should('exist');\n}",
              "err": {},
              "uuid": "f2ae0d3c-e002-44bd-9d98-005d4a7c8cb8",
              "parentUUID": "e88c59c6-0379-4e16-a540-95d1877ee604",
              "isHook": false,
              "skipped": false
            },
            {
              "title": "should login with user: locked_out_user",
              "fullTitle": "Data Driven Login - SauceDemo should login with user: locked_out_user",
              "timedOut": null,
              "duration": 937,
              "state": "passed",
              "speed": "fast",
              "pass": true,
              "fail": false,
              "pending": false,
              "context": null,
              "code": "cy.visit('/');\ncy.get('[data-test=username]').type(user.username);\ncy.get('[data-test=password]').type(user.password);\ncy.get('[data-test=login-button]').click();\nif (user.success) {\n  cy.url().should('include', '/inventory.html');\n} else {\n  cy.get('[data-test=error]').should('exist');\n}",
              "err": {},
              "uuid": "f04ac524-b443-468a-8a60-0c2632f119f1",
              "parentUUID": "e88c59c6-0379-4e16-a540-95d1877ee604",
              "isHook": false,
              "skipped": false
            },
            {
              "title": "should login with user: problem_user",
              "fullTitle": "Data Driven Login - SauceDemo should login with user: problem_user",
              "timedOut": null,
              "duration": 804,
              "state": "passed",
              "speed": "fast",
              "pass": true,
              "fail": false,
              "pending": false,
              "context": null,
              "code": "cy.visit('/');\ncy.get('[data-test=username]').type(user.username);\ncy.get('[data-test=password]').type(user.password);\ncy.get('[data-test=login-button]').click();\nif (user.success) {\n  cy.url().should('include', '/inventory.html');\n} else {\n  cy.get('[data-test=error]').should('exist');\n}",
              "err": {},
              "uuid": "c8aa0e69-c148-4d88-b0d8-f3919f21d9d6",
              "parentUUID": "e88c59c6-0379-4e16-a540-95d1877ee604",
              "isHook": false,
              "skipped": false
            }
          ],
          "suites": [],
          "passes": [
            "f2ae0d3c-e002-44bd-9d98-005d4a7c8cb8",
            "f04ac524-b443-468a-8a60-0c2632f119f1",
            "c8aa0e69-c148-4d88-b0d8-f3919f21d9d6"
          ],
          "failures": [],
          "pending": [],
          "skipped": [],
          "duration": 3001,
          "root": false,
          "rootEmpty": false,
          "_timeout": 2000
        }
      ],
      "passes": [],
      "failures": [],
      "pending": [],
      "skipped": [],
      "duration": 0,
      "root": true,
      "rootEmpty": true,
      "_timeout": 2000
    }
  ],
  "meta": {
    "mocha": {
      "version": "7.2.0"
    },
    "mochawesome": {
      "options": {
        "quiet": false,
        "reportFilename": "mochawesome",
        "saveHtml": false,
        "saveJson": true,
        "consoleReporter": "spec",
        "useInlineDiffs": false,
        "code": true
      },
      "version": "7.1.4"
    },
    "marge": {
      "options": {
        "reportDir": "cypress/reports",
        "overwrite": false,
        "html": false,
        "json": true
      },
      "version": "6.3.2"
    }
  }
}