{
  "stats": {
    "suites": 1,
    "tests": 1,
    "passes": 1,
    "pending": 0,
    "failures": 0,
    "start": "2025-11-25T12:12:23.416Z",
    "end": "2025-11-25T12:12:26.407Z",
    "duration": 2991,
    "testsRegistered": 1,
    "passPercent": 100,
    "pendingPercent": 0,
    "other": 0,
    "hasOther": false,
    "skipped": 0,
    "hasSkipped": false
  },
  "results": [
    {
      "uuid": "c121f5d1-9e10-43ea-bb86-92c435267b8c",
      "title": "",
      "fullFile": "cypress\\e2e\\real_sites\\04_login.cy.js",
      "file": "cypress\\e2e\\real_sites\\04_login.cy.js",
      "beforeHooks": [],
      "afterHooks": [],
      "tests": [],
      "suites": [
        {
          "uuid": "d85b28dd-ab7d-49eb-b74b-a2306f6b60b6",
          "title": "Login Flow",
          "fullFile": "",
          "file": "",
          "beforeHooks": [],
          "afterHooks": [],
          "tests": [
            {
              "title": "should login successfully with valid credentials",
              "fullTitle": "Login Flow should login successfully with valid credentials",
              "timedOut": null,
              "duration": 1443,
              "state": "passed",
              "speed": "fast",
              "pass": true,
              "fail": false,
              "pending": false,
              "context": null,
              "code": "// Arrange: visit login page\n_loginPage.default.visit();\n// Act: login with valid credentials\n_loginPage.default.enterUsername('standard_user');\n_loginPage.default.enterPassword('secret_sauce');\n_loginPage.default.clickLogin();\n// Assert: URL includes /inventory.html\ncy.url().should('include', '/inventory.html');",
              "err": {},
              "uuid": "8c014d04-0a1c-4b06-a1f3-d70160dfc26b",
              "parentUUID": "d85b28dd-ab7d-49eb-b74b-a2306f6b60b6",
              "isHook": false,
              "skipped": false
            }
          ],
          "suites": [],
          "passes": [
            "8c014d04-0a1c-4b06-a1f3-d70160dfc26b"
          ],
          "failures": [],
          "pending": [],
          "skipped": [],
          "duration": 1443,
          "root": false,
          "rootEmpty": false,
          "_timeout": 2000
        }
      ],
      "passes": [],
      "failures": [],
      "pending": [],
      "skipped": [],
      "duration": 0,
      "root": true,
      "rootEmpty": true,
      "_timeout": 2000
    }
  ],
  "meta": {
    "mocha": {
      "version": "7.2.0"
    },
    "mochawesome": {
      "options": {
        "quiet": false,
        "reportFilename": "mochawesome",
        "saveHtml": true,
        "saveJson": true,
        "consoleReporter": "spec",
        "useInlineDiffs": false,
        "code": true
      },
      "version": "7.1.4"
    },
    "marge": {
      "options": {
        "reportDir": "cypress/reports",
        "overwrite": false,
        "html": true,
        "json": true
      },
      "version": "6.3.2"
    }
  }
}