{
  "stats": {
    "suites": 1,
    "tests": 1,
    "passes": 1,
    "pending": 0,
    "failures": 0,
    "start": "2025-12-02T15:13:48.032Z",
    "end": "2025-12-02T15:13:50.616Z",
    "duration": 2584,
    "testsRegistered": 1,
    "passPercent": 100,
    "pendingPercent": 0,
    "other": 0,
    "hasOther": false,
    "skipped": 0,
    "hasSkipped": false
  },
  "results": [
    {
      "uuid": "31f5110e-2d3b-45f4-82ee-3817e6f43551",
      "title": "",
      "fullFile": "cypress\\e2e\\smoke\\01_homepage_realsite.cy.js",
      "file": "cypress\\e2e\\smoke\\01_homepage_realsite.cy.js",
      "beforeHooks": [],
      "afterHooks": [],
      "tests": [],
      "suites": [
        {
          "uuid": "e15ddb5f-1159-461e-b2c5-8657031cf175",
          "title": "Homepage Smoke Test - SauceDemo",
          "fullFile": "",
          "file": "",
          "beforeHooks": [],
          "afterHooks": [],
          "tests": [
            {
              "title": "Dovrebbe mostrare correttamente il form di login",
              "fullTitle": "Homepage Smoke Test - SauceDemo Dovrebbe mostrare correttamente il form di login",
              "timedOut": null,
              "duration": 2475,
              "state": "passed",
              "speed": "fast",
              "pass": true,
              "fail": false,
              "pending": false,
              "context": null,
              "code": "// Verifica visibilità campi login usando Page Object\n_LoginPage.default.usernameInput.should('be.visible');\n_LoginPage.default.passwordInput.should('be.visible');\n_LoginPage.default.loginButton.should('be.visible');\n// Controllo aggiuntivo: messaggi di errore non presenti all’inizio\n_LoginPage.default.errorMessage.should('not.exist');",
              "err": {},
              "uuid": "c6f824fb-165f-43bc-966b-b3c8c78692ce",
              "parentUUID": "e15ddb5f-1159-461e-b2c5-8657031cf175",
              "isHook": false,
              "skipped": false
            }
          ],
          "suites": [],
          "passes": [
            "c6f824fb-165f-43bc-966b-b3c8c78692ce"
          ],
          "failures": [],
          "pending": [],
          "skipped": [],
          "duration": 2475,
          "root": false,
          "rootEmpty": false,
          "_timeout": 2000
        }
      ],
      "passes": [],
      "failures": [],
      "pending": [],
      "skipped": [],
      "duration": 0,
      "root": true,
      "rootEmpty": true,
      "_timeout": 2000
    }
  ],
  "meta": {
    "mocha": {
      "version": "7.2.0"
    },
    "mochawesome": {
      "options": {
        "quiet": false,
        "reportFilename": "mochawesome",
        "saveHtml": false,
        "saveJson": true,
        "consoleReporter": "spec",
        "useInlineDiffs": false,
        "code": true
      },
      "version": "7.1.4"
    },
    "marge": {
      "options": {
        "reportDir": "cypress/reports",
        "overwrite": false,
        "html": false,
        "json": true
      },
      "version": "6.3.2"
    }
  }
}