{
  "stats": {
    "suites": 1,
    "tests": 1,
    "passes": 0,
    "pending": 0,
    "failures": 1,
    "start": "2025-11-26T13:37:04.266Z",
    "end": "2025-11-26T13:37:11.010Z",
    "duration": 6744,
    "testsRegistered": 1,
    "passPercent": 0,
    "pendingPercent": 0,
    "other": 0,
    "hasOther": false,
    "skipped": 0,
    "hasSkipped": false
  },
  "results": [
    {
      "uuid": "88b3c3c2-2800-4d58-b2a3-1da9a5c064f9",
      "title": "",
      "fullFile": "cypress\\e2e\\intercepts\\intercept.cy.js",
      "file": "cypress\\e2e\\intercepts\\intercept.cy.js",
      "beforeHooks": [],
      "afterHooks": [],
      "tests": [],
      "suites": [
        {
          "uuid": "ed839f21-2e7b-49b7-a09d-3b0b71ddef09",
          "title": "Intercept Test - SauceDemo",
          "fullFile": "",
          "file": "",
          "beforeHooks": [],
          "afterHooks": [],
          "tests": [
            {
              "title": "should intercept inventory page load",
              "fullTitle": "Intercept Test - SauceDemo should intercept inventory page load",
              "timedOut": null,
              "duration": 6694,
              "state": "failed",
              "speed": null,
              "pass": false,
              "fail": true,
              "pending": false,
              "context": null,
              "code": "cy.intercept('GET', '/inventory.html').as('getInventory');\ncy.visit('/');\ncy.get('[data-test=username]').type('standard_user');\ncy.get('[data-test=password]').type('secret_sauce');\ncy.get('[data-test=login-button]').click();\ncy.wait('@getInventory').its('response.statusCode').should('eq', 200);",
              "err": {
                "message": "CypressError: Timed out retrying after 5000ms: `cy.wait()` timed out waiting `5000ms` for the 1st request to the route: `getInventory`. No request ever occurred.\n\nhttps://on.cypress.io/wait",
                "estack": "CypressError: Timed out retrying after 5000ms: `cy.wait()` timed out waiting `5000ms` for the 1st request to the route: `getInventory`. No request ever occurred.\n\nhttps://on.cypress.io/wait\n    at cypressErr (https://www.saucedemo.com/__cypress/runner/cypress_runner.js:77680:18)\n    at Object.errByPath (https://www.saucedemo.com/__cypress/runner/cypress_runner.js:77734:10)\n    at checkForXhr (https://www.saucedemo.com/__cypress/runner/cypress_runner.js:138761:84)\n    at <unknown> (https://www.saucedemo.com/__cypress/runner/cypress_runner.js:138787:28)\n    at tryCatcher (https://www.saucedemo.com/__cypress/runner/cypress_runner.js:1777:23)\n    at Promise.attempt.Promise.try (https://www.saucedemo.com/__cypress/runner/cypress_runner.js:4285:29)\n    at whenStable (https://www.saucedemo.com/__cypress/runner/cypress_runner.js:147197:68)\n    at <unknown> (https://www.saucedemo.com/__cypress/runner/cypress_runner.js:147138:14)\n    at tryCatcher (https://www.saucedemo.com/__cypress/runner/cypress_runner.js:1777:23)\n    at Promise._settlePromiseFromHandler (https://www.saucedemo.com/__cypress/runner/cypress_runner.js:1489:31)\n    at Promise._settlePromise (https://www.saucedemo.com/__cypress/runner/cypress_runner.js:1546:18)\n    at Promise._settlePromise0 (https://www.saucedemo.com/__cypress/runner/cypress_runner.js:1591:10)\n    at Promise._settlePromises (https://www.saucedemo.com/__cypress/runner/cypress_runner.js:1671:18)\n    at Promise._fulfill (https://www.saucedemo.com/__cypress/runner/cypress_runner.js:1615:18)\n    at <unknown> (https://www.saucedemo.com/__cypress/runner/cypress_runner.js:5420:46)\nFrom Your Spec Code:\n    at Context.eval (webpack://cypressclean/./cypress/e2e/intercepts/intercept.cy.js:8:7)",
                "diff": null
              },
              "uuid": "fb260577-2b53-4c69-be07-e050ccd628da",
              "parentUUID": "ed839f21-2e7b-49b7-a09d-3b0b71ddef09",
              "isHook": false,
              "skipped": false
            }
          ],
          "suites": [],
          "passes": [],
          "failures": [
            "fb260577-2b53-4c69-be07-e050ccd628da"
          ],
          "pending": [],
          "skipped": [],
          "duration": 6694,
          "root": false,
          "rootEmpty": false,
          "_timeout": 2000
        }
      ],
      "passes": [],
      "failures": [],
      "pending": [],
      "skipped": [],
      "duration": 0,
      "root": true,
      "rootEmpty": true,
      "_timeout": 2000
    }
  ],
  "meta": {
    "mocha": {
      "version": "7.2.0"
    },
    "mochawesome": {
      "options": {
        "quiet": false,
        "reportFilename": "mochawesome",
        "saveHtml": false,
        "saveJson": true,
        "consoleReporter": "spec",
        "useInlineDiffs": false,
        "code": true
      },
      "version": "7.1.4"
    },
    "marge": {
      "options": {
        "reportDir": "cypress/reports",
        "overwrite": false,
        "html": false,
        "json": true
      },
      "version": "6.3.2"
    }
  }
}