{
  "stats": {
    "suites": 1,
    "tests": 2,
    "passes": 0,
    "pending": 0,
    "failures": 2,
    "start": "2025-12-02T15:50:44.241Z",
    "end": "2025-12-02T15:51:00.206Z",
    "duration": 15965,
    "testsRegistered": 2,
    "passPercent": 0,
    "pendingPercent": 0,
    "other": 0,
    "hasOther": false,
    "skipped": 0,
    "hasSkipped": false
  },
  "results": [
    {
      "uuid": "59057145-8f19-43f4-aca8-9e0b9d034137",
      "title": "",
      "fullFile": "cypress\\e2e\\api\\api_intercept.cy.js",
      "file": "cypress\\e2e\\api\\api_intercept.cy.js",
      "beforeHooks": [],
      "afterHooks": [],
      "tests": [],
      "suites": [
        {
          "uuid": "6f47602a-a914-48c6-9d9a-0d91e7ef2ae6",
          "title": "API Intercept Stable - SauceDemo",
          "fullFile": "",
          "file": "",
          "beforeHooks": [],
          "afterHooks": [],
          "tests": [
            {
              "title": "Intercept inventory GET request and show mocked product",
              "fullTitle": "API Intercept Stable - SauceDemo Intercept inventory GET request and show mocked product",
              "timedOut": null,
              "duration": 8591,
              "state": "failed",
              "speed": null,
              "pass": false,
              "fail": true,
              "pending": false,
              "context": null,
              "code": "cy.intercept('GET', '/inventory.json', {\n  statusCode: 200,\n  body: [{\n    id: 999,\n    name: 'Mocked Sauce Labs Backpack',\n    description: 'Test product',\n    price: 123.45,\n    image: 'https://www.saucedemo.com/images/sauce-backpack.png'\n  }]\n}).as('mockInventory');\ncy.reload(); // Ricarica la pagina per attivare la chiamata GET\ncy.wait('@mockInventory').its('response.statusCode').should('eq', 200);\ncy.get('.inventory_item_name').first().should('contain.text', 'Mocked Sauce Labs Backpack');",
              "err": {
                "message": "CypressError: Timed out retrying after 5000ms: `cy.wait()` timed out waiting `5000ms` for the 1st request to the route: `mockInventory`. No request ever occurred.\n\nhttps://on.cypress.io/wait",
                "estack": "CypressError: Timed out retrying after 5000ms: `cy.wait()` timed out waiting `5000ms` for the 1st request to the route: `mockInventory`. No request ever occurred.\n\nhttps://on.cypress.io/wait\n    at cypressErr (https://www.saucedemo.com/__cypress/runner/cypress_runner.js:77680:18)\n    at Object.errByPath (https://www.saucedemo.com/__cypress/runner/cypress_runner.js:77734:10)\n    at checkForXhr (https://www.saucedemo.com/__cypress/runner/cypress_runner.js:138761:84)\n    at <unknown> (https://www.saucedemo.com/__cypress/runner/cypress_runner.js:138787:28)\n    at tryCatcher (https://www.saucedemo.com/__cypress/runner/cypress_runner.js:1777:23)\n    at Promise.attempt.Promise.try (https://www.saucedemo.com/__cypress/runner/cypress_runner.js:4285:29)\n    at whenStable (https://www.saucedemo.com/__cypress/runner/cypress_runner.js:147197:68)\n    at <unknown> (https://www.saucedemo.com/__cypress/runner/cypress_runner.js:147138:14)\n    at tryCatcher (https://www.saucedemo.com/__cypress/runner/cypress_runner.js:1777:23)\n    at Promise._settlePromiseFromHandler (https://www.saucedemo.com/__cypress/runner/cypress_runner.js:1489:31)\n    at Promise._settlePromise (https://www.saucedemo.com/__cypress/runner/cypress_runner.js:1546:18)\n    at Promise._settlePromise0 (https://www.saucedemo.com/__cypress/runner/cypress_runner.js:1591:10)\n    at Promise._settlePromises (https://www.saucedemo.com/__cypress/runner/cypress_runner.js:1671:18)\n    at Promise._fulfill (https://www.saucedemo.com/__cypress/runner/cypress_runner.js:1615:18)\n    at <unknown> (https://www.saucedemo.com/__cypress/runner/cypress_runner.js:5420:46)",
                "diff": null
              },
              "uuid": "2370d678-b5ff-4259-a2e1-66aa0db3c06f",
              "parentUUID": "6f47602a-a914-48c6-9d9a-0d91e7ef2ae6",
              "isHook": false,
              "skipped": false
            },
            {
              "title": "Intercept inventory GET request and modify price",
              "fullTitle": "API Intercept Stable - SauceDemo Intercept inventory GET request and modify price",
              "timedOut": null,
              "duration": 7316,
              "state": "failed",
              "speed": null,
              "pass": false,
              "fail": true,
              "pending": false,
              "context": null,
              "code": "cy.intercept('GET', '/inventory.json', req => {\n  req.continue(res => {\n    res.body.forEach(item => item.price = 9.99);\n  });\n}).as('modifiedInventory');\ncy.reload();\ncy.wait('@modifiedInventory');\ncy.get('.inventory_item_price').first().should('contain.text', '9.99');",
              "err": {
                "message": "CypressError: Timed out retrying after 5000ms: `cy.wait()` timed out waiting `5000ms` for the 1st request to the route: `modifiedInventory`. No request ever occurred.\n\nhttps://on.cypress.io/wait",
                "estack": "CypressError: Timed out retrying after 5000ms: `cy.wait()` timed out waiting `5000ms` for the 1st request to the route: `modifiedInventory`. No request ever occurred.\n\nhttps://on.cypress.io/wait\n    at cypressErr (https://www.saucedemo.com/__cypress/runner/cypress_runner.js:77680:18)\n    at Object.errByPath (https://www.saucedemo.com/__cypress/runner/cypress_runner.js:77734:10)\n    at checkForXhr (https://www.saucedemo.com/__cypress/runner/cypress_runner.js:138761:84)\n    at <unknown> (https://www.saucedemo.com/__cypress/runner/cypress_runner.js:138787:28)\n    at tryCatcher (https://www.saucedemo.com/__cypress/runner/cypress_runner.js:1777:23)\n    at Promise.attempt.Promise.try (https://www.saucedemo.com/__cypress/runner/cypress_runner.js:4285:29)\n    at whenStable (https://www.saucedemo.com/__cypress/runner/cypress_runner.js:147197:68)\n    at <unknown> (https://www.saucedemo.com/__cypress/runner/cypress_runner.js:147138:14)\n    at tryCatcher (https://www.saucedemo.com/__cypress/runner/cypress_runner.js:1777:23)\n    at Promise._settlePromiseFromHandler (https://www.saucedemo.com/__cypress/runner/cypress_runner.js:1489:31)\n    at Promise._settlePromise (https://www.saucedemo.com/__cypress/runner/cypress_runner.js:1546:18)\n    at Promise._settlePromise0 (https://www.saucedemo.com/__cypress/runner/cypress_runner.js:1591:10)\n    at Promise._settlePromises (https://www.saucedemo.com/__cypress/runner/cypress_runner.js:1671:18)\n    at Promise._fulfill (https://www.saucedemo.com/__cypress/runner/cypress_runner.js:1615:18)\n    at <unknown> (https://www.saucedemo.com/__cypress/runner/cypress_runner.js:5420:46)",
                "diff": null
              },
              "uuid": "c12d4071-5732-4e10-8df5-62fe393869c6",
              "parentUUID": "6f47602a-a914-48c6-9d9a-0d91e7ef2ae6",
              "isHook": false,
              "skipped": false
            }
          ],
          "suites": [],
          "passes": [],
          "failures": [
            "2370d678-b5ff-4259-a2e1-66aa0db3c06f",
            "c12d4071-5732-4e10-8df5-62fe393869c6"
          ],
          "pending": [],
          "skipped": [],
          "duration": 15907,
          "root": false,
          "rootEmpty": false,
          "_timeout": 2000
        }
      ],
      "passes": [],
      "failures": [],
      "pending": [],
      "skipped": [],
      "duration": 0,
      "root": true,
      "rootEmpty": true,
      "_timeout": 2000
    }
  ],
  "meta": {
    "mocha": {
      "version": "7.2.0"
    },
    "mochawesome": {
      "options": {
        "quiet": false,
        "reportFilename": "mochawesome",
        "saveHtml": false,
        "saveJson": true,
        "consoleReporter": "spec",
        "useInlineDiffs": false,
        "code": true
      },
      "version": "7.1.4"
    },
    "marge": {
      "options": {
        "reportDir": "cypress/reports",
        "overwrite": false,
        "html": false,
        "json": true
      },
      "version": "6.3.2"
    }
  }
}