{
  "stats": {
    "suites": 1,
    "tests": 1,
    "passes": 0,
    "pending": 0,
    "failures": 1,
    "start": "2025-11-26T12:28:04.566Z",
    "end": "2025-11-26T12:28:04.792Z",
    "duration": 226,
    "testsRegistered": 2,
    "passPercent": 0,
    "pendingPercent": 0,
    "other": 0,
    "hasOther": false,
    "skipped": 1,
    "hasSkipped": true
  },
  "results": [
    {
      "uuid": "f515febb-40ce-4611-a55d-7eaaa28b10fb",
      "title": "",
      "fullFile": "cypress\\e2e\\real_sites\\02_product.cy.js",
      "file": "cypress\\e2e\\real_sites\\02_product.cy.js",
      "beforeHooks": [],
      "afterHooks": [],
      "tests": [],
      "suites": [
        {
          "uuid": "09f35ef7-3127-4071-b9bf-229f713e69d4",
          "title": "Product Page Tests",
          "fullFile": "",
          "file": "",
          "beforeHooks": [],
          "afterHooks": [],
          "tests": [
            {
              "title": "should display product titles",
              "fullTitle": "Product Page Tests should display product titles",
              "timedOut": null,
              "duration": 159,
              "state": "failed",
              "speed": null,
              "pass": false,
              "fail": true,
              "pending": false,
              "context": null,
              "code": "// Assert: at least one product is visible\n_productsPage.default.productTitle().should('have.length.greaterThan', 0);",
              "err": {
                "message": "TypeError: _loginPage.default.visit is not a function\n\nBecause this error occurred during a `before each` hook we are skipping the remaining tests in the current suite: `Product Page Tests`",
                "estack": "TypeError: _loginPage.default.visit is not a function\n\nBecause this error occurred during a `before each` hook we are skipping the remaining tests in the current suite: `Product Page Tests`\n    at Context.eval (webpack://cypressclean/./cypress/e2e/real_sites/02_product.cy.js:8:14)\n    at runnable.fn (https://www.saucedemo.com/__cypress/runner/cypress_runner.js:141800:19)\n    at callFn (https://www.saucedemo.com/__cypress/runner/cypress_runner.js:160869:21)\n    at Runnable.run (https://www.saucedemo.com/__cypress/runner/cypress_runner.js:160856:7)\n    at <unknown> (https://www.saucedemo.com/__cypress/runner/cypress_runner.js:166951:30)\n    at PassThroughHandlerContext.finallyHandler (https://www.saucedemo.com/__cypress/runner/cypress_runner.js:4042:23)\n    at PassThroughHandlerContext.tryCatcher (https://www.saucedemo.com/__cypress/runner/cypress_runner.js:1777:23)\n    at Promise._settlePromiseFromHandler (https://www.saucedemo.com/__cypress/runner/cypress_runner.js:1489:31)\n    at Promise._settlePromise (https://www.saucedemo.com/__cypress/runner/cypress_runner.js:1546:18)",
                "diff": null
              },
              "uuid": "7acf22dd-f2f3-4b80-9830-b1ca1643a571",
              "parentUUID": "09f35ef7-3127-4071-b9bf-229f713e69d4",
              "isHook": false,
              "skipped": false
            },
            {
              "title": "should add a product to the cart",
              "fullTitle": "Product Page Tests should add a product to the cart",
              "timedOut": null,
              "duration": 0,
              "state": "skipped",
              "speed": null,
              "pass": false,
              "fail": false,
              "pending": false,
              "context": null,
              "code": "// Act: add first product to cart\n_productsPage.default.productTitle().first().then($el => {\n  const productName = $el.text();\n  _productsPage.default.addProductToCart(productName);\n  // Assert: cart badge shows 1\n  _productsPage.default.shoppingCartLink().should('contain.text', '1');\n});",
              "err": {},
              "uuid": "19ee1a42-c939-4ed9-a702-344209b550fd",
              "parentUUID": "09f35ef7-3127-4071-b9bf-229f713e69d4",
              "isHook": false,
              "skipped": true
            }
          ],
          "suites": [],
          "passes": [],
          "failures": [
            "7acf22dd-f2f3-4b80-9830-b1ca1643a571"
          ],
          "pending": [],
          "skipped": [
            "19ee1a42-c939-4ed9-a702-344209b550fd"
          ],
          "duration": 159,
          "root": false,
          "rootEmpty": false,
          "_timeout": 2000
        }
      ],
      "passes": [],
      "failures": [],
      "pending": [],
      "skipped": [],
      "duration": 0,
      "root": true,
      "rootEmpty": true,
      "_timeout": 2000
    }
  ],
  "meta": {
    "mocha": {
      "version": "7.2.0"
    },
    "mochawesome": {
      "options": {
        "quiet": false,
        "reportFilename": "mochawesome",
        "saveHtml": false,
        "saveJson": true,
        "consoleReporter": "spec",
        "useInlineDiffs": false,
        "code": true
      },
      "version": "7.1.4"
    },
    "marge": {
      "options": {
        "reportDir": "cypress/reports",
        "overwrite": false,
        "html": false,
        "json": true
      },
      "version": "6.3.2"
    }
  }
}