{
  "stats": {
    "suites": 1,
    "tests": 1,
    "passes": 1,
    "pending": 0,
    "failures": 0,
    "start": "2025-11-26T12:07:06.098Z",
    "end": "2025-11-26T12:07:13.929Z",
    "duration": 7831,
    "testsRegistered": 1,
    "passPercent": 100,
    "pendingPercent": 0,
    "other": 0,
    "hasOther": false,
    "skipped": 0,
    "hasSkipped": false
  },
  "results": [
    {
      "uuid": "ea12c651-c0b3-4911-b205-13b8fc2f9a57",
      "title": "",
      "fullFile": "cypress\\e2e\\real_sites\\03_add_to_cart.cy.js",
      "file": "cypress\\e2e\\real_sites\\03_add_to_cart.cy.js",
      "beforeHooks": [],
      "afterHooks": [],
      "tests": [],
      "suites": [
        {
          "uuid": "6a3a0b9f-36d6-42a2-9bc7-33bd11b0b5fa",
          "title": "Add to Cart Flow",
          "fullFile": "",
          "file": "",
          "beforeHooks": [],
          "afterHooks": [],
          "tests": [
            {
              "title": "should add multiple products to the cart",
              "fullTitle": "Add to Cart Flow should add multiple products to the cart",
              "timedOut": null,
              "duration": 4247,
              "state": "passed",
              "speed": "fast",
              "pass": true,
              "fail": false,
              "pending": false,
              "context": null,
              "code": "const products = ['Sauce Labs Backpack', 'Sauce Labs Bike Light'];\n// Act: add products\nproducts.forEach(product => _productsPage.default.addProductToCart(product));\n_productsPage.default.goToCart();\n// Assert: all products are in the cart\nproducts.forEach(product => _cartPage.default.verifyProductInCart(product));",
              "err": {},
              "uuid": "9d6d0cef-ca6e-4240-a604-6b23862e0661",
              "parentUUID": "6a3a0b9f-36d6-42a2-9bc7-33bd11b0b5fa",
              "isHook": false,
              "skipped": false
            }
          ],
          "suites": [],
          "passes": [
            "9d6d0cef-ca6e-4240-a604-6b23862e0661"
          ],
          "failures": [],
          "pending": [],
          "skipped": [],
          "duration": 4247,
          "root": false,
          "rootEmpty": false,
          "_timeout": 2000
        }
      ],
      "passes": [],
      "failures": [],
      "pending": [],
      "skipped": [],
      "duration": 0,
      "root": true,
      "rootEmpty": true,
      "_timeout": 2000
    }
  ],
  "meta": {
    "mocha": {
      "version": "7.2.0"
    },
    "mochawesome": {
      "options": {
        "quiet": false,
        "reportFilename": "mochawesome",
        "saveHtml": false,
        "saveJson": true,
        "consoleReporter": "spec",
        "useInlineDiffs": false,
        "code": true
      },
      "version": "7.1.4"
    },
    "marge": {
      "options": {
        "reportDir": "cypress/reports",
        "overwrite": false,
        "html": false,
        "json": true
      },
      "version": "6.3.2"
    }
  }
}