{
  "stats": {
    "suites": 1,
    "tests": 2,
    "passes": 1,
    "pending": 0,
    "failures": 1,
    "start": "2025-11-26T13:00:58.142Z",
    "end": "2025-11-26T13:01:04.832Z",
    "duration": 6690,
    "testsRegistered": 2,
    "passPercent": 50,
    "pendingPercent": 0,
    "other": 0,
    "hasOther": false,
    "skipped": 0,
    "hasSkipped": false
  },
  "results": [
    {
      "uuid": "49a81d8d-16c5-4bcc-8c17-985d1dda7a08",
      "title": "",
      "fullFile": "cypress\\e2e\\basics\\radio.cy.js",
      "file": "cypress\\e2e\\basics\\radio.cy.js",
      "beforeHooks": [],
      "afterHooks": [],
      "tests": [],
      "suites": [
        {
          "uuid": "05b333a6-c394-47ba-8065-f4fe1f92550c",
          "title": "Basic Interactions - SauceDemo",
          "fullFile": "",
          "file": "",
          "beforeHooks": [],
          "afterHooks": [],
          "tests": [
            {
              "title": "should select first product (checkbox-like)",
              "fullTitle": "Basic Interactions - SauceDemo should select first product (checkbox-like)",
              "timedOut": null,
              "duration": 1518,
              "state": "passed",
              "speed": "fast",
              "pass": true,
              "fail": false,
              "pending": false,
              "context": null,
              "code": "cy.get('.inventory_item').first().contains('Add to cart').click();\ncy.get('.shopping_cart_badge').should('contain', '1');",
              "err": {},
              "uuid": "9e89a6d9-86fa-47ed-ad60-d5d674ada42d",
              "parentUUID": "05b333a6-c394-47ba-8065-f4fe1f92550c",
              "isHook": false,
              "skipped": false
            },
            {
              "title": "should select a product (radio-like)",
              "fullTitle": "Basic Interactions - SauceDemo should select a product (radio-like)",
              "timedOut": null,
              "duration": 5080,
              "state": "failed",
              "speed": null,
              "pass": false,
              "fail": true,
              "pending": false,
              "context": null,
              "code": "cy.get('.inventory_item').first().click();\ncy.get('.inventory_details_name').should('exist');",
              "err": {
                "message": "AssertionError: Timed out retrying after 4000ms: Expected to find element: `.inventory_details_name`, but never found it.",
                "estack": "AssertionError: Timed out retrying after 4000ms: Expected to find element: `.inventory_details_name`, but never found it.\n    at Context.eval (webpack://cypressclean/./cypress/e2e/basics/radio.cy.js:16:38)",
                "diff": null
              },
              "uuid": "298c3e6f-b524-4195-8910-171d113d496e",
              "parentUUID": "05b333a6-c394-47ba-8065-f4fe1f92550c",
              "isHook": false,
              "skipped": false
            }
          ],
          "suites": [],
          "passes": [
            "9e89a6d9-86fa-47ed-ad60-d5d674ada42d"
          ],
          "failures": [
            "298c3e6f-b524-4195-8910-171d113d496e"
          ],
          "pending": [],
          "skipped": [],
          "duration": 6598,
          "root": false,
          "rootEmpty": false,
          "_timeout": 2000
        }
      ],
      "passes": [],
      "failures": [],
      "pending": [],
      "skipped": [],
      "duration": 0,
      "root": true,
      "rootEmpty": true,
      "_timeout": 2000
    }
  ],
  "meta": {
    "mocha": {
      "version": "7.2.0"
    },
    "mochawesome": {
      "options": {
        "quiet": false,
        "reportFilename": "mochawesome",
        "saveHtml": false,
        "saveJson": true,
        "consoleReporter": "spec",
        "useInlineDiffs": false,
        "code": true
      },
      "version": "7.1.4"
    },
    "marge": {
      "options": {
        "reportDir": "cypress/reports",
        "overwrite": false,
        "html": false,
        "json": true
      },
      "version": "6.3.2"
    }
  }
}