{
  "stats": {
    "suites": 1,
    "tests": 1,
    "passes": 0,
    "pending": 0,
    "failures": 1,
    "start": "2025-11-26T12:28:09.191Z",
    "end": "2025-11-26T12:28:09.403Z",
    "duration": 212,
    "testsRegistered": 1,
    "passPercent": 0,
    "pendingPercent": 0,
    "other": 0,
    "hasOther": false,
    "skipped": 0,
    "hasSkipped": false
  },
  "results": [
    {
      "uuid": "702d28c3-a569-455e-81fa-bbbe286cca31",
      "title": "",
      "fullFile": "cypress\\e2e\\real_sites\\04_login.cy.js",
      "file": "cypress\\e2e\\real_sites\\04_login.cy.js",
      "beforeHooks": [],
      "afterHooks": [],
      "tests": [],
      "suites": [
        {
          "uuid": "b4822182-99f0-406a-a56b-3c6d21a99ee2",
          "title": "Login Flow",
          "fullFile": "",
          "file": "",
          "beforeHooks": [],
          "afterHooks": [],
          "tests": [
            {
              "title": "should login successfully with valid credentials",
              "fullTitle": "Login Flow should login successfully with valid credentials",
              "timedOut": null,
              "duration": 156,
              "state": "failed",
              "speed": null,
              "pass": false,
              "fail": true,
              "pending": false,
              "context": null,
              "code": "// Arrange: visit login page\n_loginPage.default.visit();\n// Act: login with valid credentials\n_loginPage.default.enterUsername('standard_user');\n_loginPage.default.enterPassword('secret_sauce');\n_loginPage.default.clickLogin();\n// Assert: URL includes /inventory.html\ncy.url().should('include', '/inventory.html');",
              "err": {
                "message": "TypeError: _loginPage.default.visit is not a function",
                "estack": "TypeError: _loginPage.default.visit is not a function\n    at Context.eval (webpack://cypressclean/./cypress/e2e/real_sites/04_login.cy.js:7:14)\n    at runnable.fn (https://www.saucedemo.com/__cypress/runner/cypress_runner.js:141800:19)\n    at callFn (https://www.saucedemo.com/__cypress/runner/cypress_runner.js:160869:21)\n    at Runnable.run (https://www.saucedemo.com/__cypress/runner/cypress_runner.js:160856:7)\n    at <unknown> (https://www.saucedemo.com/__cypress/runner/cypress_runner.js:166951:30)\n    at PassThroughHandlerContext.finallyHandler (https://www.saucedemo.com/__cypress/runner/cypress_runner.js:4042:23)\n    at PassThroughHandlerContext.tryCatcher (https://www.saucedemo.com/__cypress/runner/cypress_runner.js:1777:23)\n    at Promise._settlePromiseFromHandler (https://www.saucedemo.com/__cypress/runner/cypress_runner.js:1489:31)\n    at Promise._settlePromise (https://www.saucedemo.com/__cypress/runner/cypress_runner.js:1546:18)",
                "diff": null
              },
              "uuid": "b1b4c57f-276e-4904-a6ad-ecb548a21444",
              "parentUUID": "b4822182-99f0-406a-a56b-3c6d21a99ee2",
              "isHook": false,
              "skipped": false
            }
          ],
          "suites": [],
          "passes": [],
          "failures": [
            "b1b4c57f-276e-4904-a6ad-ecb548a21444"
          ],
          "pending": [],
          "skipped": [],
          "duration": 156,
          "root": false,
          "rootEmpty": false,
          "_timeout": 2000
        }
      ],
      "passes": [],
      "failures": [],
      "pending": [],
      "skipped": [],
      "duration": 0,
      "root": true,
      "rootEmpty": true,
      "_timeout": 2000
    }
  ],
  "meta": {
    "mocha": {
      "version": "7.2.0"
    },
    "mochawesome": {
      "options": {
        "quiet": false,
        "reportFilename": "mochawesome",
        "saveHtml": false,
        "saveJson": true,
        "consoleReporter": "spec",
        "useInlineDiffs": false,
        "code": true
      },
      "version": "7.1.4"
    },
    "marge": {
      "options": {
        "reportDir": "cypress/reports",
        "overwrite": false,
        "html": false,
        "json": true
      },
      "version": "6.3.2"
    }
  }
}