{
  "stats": {
    "suites": 1,
    "tests": 1,
    "passes": 1,
    "pending": 0,
    "failures": 0,
    "start": "2025-12-04T14:51:23.528Z",
    "end": "2025-12-04T14:51:25.753Z",
    "duration": 2225,
    "testsRegistered": 1,
    "passPercent": 100,
    "pendingPercent": 0,
    "other": 0,
    "hasOther": false,
    "skipped": 0,
    "hasSkipped": false
  },
  "results": [
    {
      "uuid": "5e8210e6-ab52-491f-8aa5-cd89c9bfb9f5",
      "title": "",
      "fullFile": "cypress\\e2e\\smoke\\03_add_to_cart_realsite.cy.js",
      "file": "cypress\\e2e\\smoke\\03_add_to_cart_realsite.cy.js",
      "beforeHooks": [],
      "afterHooks": [],
      "tests": [],
      "suites": [
        {
          "uuid": "99aeeff8-c9ea-4bcc-8db6-f6029c079774",
          "title": "Add to Cart Flow - Smoke Test",
          "fullFile": "",
          "file": "",
          "beforeHooks": [],
          "afterHooks": [],
          "tests": [
            {
              "title": "Dovrebbe aggiungere i primi 2 prodotti al carrello e verificare badge",
              "fullTitle": "Add to Cart Flow - Smoke Test Dovrebbe aggiungere i primi 2 prodotti al carrello e verificare badge",
              "timedOut": null,
              "duration": 2137,
              "state": "passed",
              "speed": "fast",
              "pass": true,
              "fail": false,
              "pending": false,
              "context": null,
              "code": "// Aggiunge i primi 2 prodotti\n_ProductsPage.default.productTitle().each(($el, index) => {\n  if (index < 2) {\n    _CartPage.default.addProductByIndex(index);\n  }\n});\n// Badge deve mostrare \"2\"\n_CartPage.default.getCartCount().should('contain.text', '2');\n// Apri carrello\n_CartPage.default.openCart();\n// Verifica che ci siano 2 prodotti (senza controllare i nomi)\n_CartPage.default.getCartItemCount().should('have.length', 2);",
              "err": {},
              "uuid": "1bcbf205-b63e-4742-80be-953d173b3540",
              "parentUUID": "99aeeff8-c9ea-4bcc-8db6-f6029c079774",
              "isHook": false,
              "skipped": false
            }
          ],
          "suites": [],
          "passes": [
            "1bcbf205-b63e-4742-80be-953d173b3540"
          ],
          "failures": [],
          "pending": [],
          "skipped": [],
          "duration": 2137,
          "root": false,
          "rootEmpty": false,
          "_timeout": 2000
        }
      ],
      "passes": [],
      "failures": [],
      "pending": [],
      "skipped": [],
      "duration": 0,
      "root": true,
      "rootEmpty": true,
      "_timeout": 2000
    }
  ],
  "meta": {
    "mocha": {
      "version": "7.2.0"
    },
    "mochawesome": {
      "options": {
        "quiet": false,
        "reportFilename": "mochawesome",
        "saveHtml": false,
        "saveJson": true,
        "consoleReporter": "spec",
        "useInlineDiffs": false,
        "code": true
      },
      "version": "7.1.4"
    },
    "marge": {
      "options": {
        "reportDir": "cypress/reports",
        "overwrite": false,
        "html": false,
        "json": true
      },
      "version": "6.3.2"
    }
  }
}