{
  "stats": {
    "suites": 1,
    "tests": 1,
    "passes": 0,
    "pending": 0,
    "failures": 1,
    "start": "2025-11-26T13:01:15.864Z",
    "end": "2025-11-26T13:01:17.365Z",
    "duration": 1501,
    "testsRegistered": 1,
    "passPercent": 0,
    "pendingPercent": 0,
    "other": 0,
    "hasOther": false,
    "skipped": 0,
    "hasSkipped": false
  },
  "results": [
    {
      "uuid": "7ed17a3a-f77e-456c-9f41-aa21dac9b251",
      "title": "",
      "fullFile": "cypress\\e2e\\intercepts\\intercept.cy.js",
      "file": "cypress\\e2e\\intercepts\\intercept.cy.js",
      "beforeHooks": [],
      "afterHooks": [],
      "tests": [],
      "suites": [
        {
          "uuid": "8170ff81-448f-4b22-850d-9012daf7e71a",
          "title": "Intercept GET - SauceDemo",
          "fullFile": "",
          "file": "",
          "beforeHooks": [],
          "afterHooks": [],
          "tests": [
            {
              "title": "should intercept inventory GET request",
              "fullTitle": "Intercept GET - SauceDemo should intercept inventory GET request",
              "timedOut": null,
              "duration": 1443,
              "state": "failed",
              "speed": null,
              "pass": false,
              "fail": true,
              "pending": false,
              "context": null,
              "code": "cy.intercept('GET', '/inventory.json').as('getInventory');\ncy.visit('/inventory.html');\ncy.wait('@getInventory').its('response.statusCode').should('eq', 200);",
              "err": {
                "message": "CypressError: `cy.visit()` failed trying to load:\n\nhttps://www.saucedemo.com/inventory.html\n\nThe response we received from your web server was:\n\n  > 404: Not Found\n\nThis was considered a failure because the status code was not `2xx`.\n\nIf you do not want status codes to cause failures pass the option: `failOnStatusCode: false`",
                "estack": "CypressError: `cy.visit()` failed trying to load:\n\nhttps://www.saucedemo.com/inventory.html\n\nThe response we received from your web server was:\n\n  > 404: Not Found\n\nThis was considered a failure because the status code was not `2xx`.\n\nIf you do not want status codes to cause failures pass the option: `failOnStatusCode: false`\n    at <unknown> (https://www.saucedemo.com/__cypress/runner/cypress_runner.js:134982:76)\n    at visitFailedByErr (https://www.saucedemo.com/__cypress/runner/cypress_runner.js:134552:12)\n    at <unknown> (https://www.saucedemo.com/__cypress/runner/cypress_runner.js:134965:13)\n    at tryCatcher (https://www.saucedemo.com/__cypress/runner/cypress_runner.js:1777:23)\n    at Promise._settlePromiseFromHandler (https://www.saucedemo.com/__cypress/runner/cypress_runner.js:1489:31)\n    at Promise._settlePromise (https://www.saucedemo.com/__cypress/runner/cypress_runner.js:1546:18)\n    at Promise._settlePromise0 (https://www.saucedemo.com/__cypress/runner/cypress_runner.js:1591:10)\n    at Promise._settlePromises (https://www.saucedemo.com/__cypress/runner/cypress_runner.js:1667:18)\n    at _drainQueueStep (https://www.saucedemo.com/__cypress/runner/cypress_runner.js:2377:12)\n    at _drainQueue (https://www.saucedemo.com/__cypress/runner/cypress_runner.js:2370:9)\n    at Async._drainQueues (https://www.saucedemo.com/__cypress/runner/cypress_runner.js:2386:5)\n    at Async.drainQueues (https://www.saucedemo.com/__cypress/runner/cypress_runner.js:2256:14)\nFrom Your Spec Code:\n    at Context.eval (webpack://cypressclean/./cypress/e2e/intercepts/intercept.cy.js:11:7)",
                "diff": null
              },
              "uuid": "5baf82f3-60c6-4588-99a2-a2e45a54de3e",
              "parentUUID": "8170ff81-448f-4b22-850d-9012daf7e71a",
              "isHook": false,
              "skipped": false
            }
          ],
          "suites": [],
          "passes": [],
          "failures": [
            "5baf82f3-60c6-4588-99a2-a2e45a54de3e"
          ],
          "pending": [],
          "skipped": [],
          "duration": 1443,
          "root": false,
          "rootEmpty": false,
          "_timeout": 2000
        }
      ],
      "passes": [],
      "failures": [],
      "pending": [],
      "skipped": [],
      "duration": 0,
      "root": true,
      "rootEmpty": true,
      "_timeout": 2000
    }
  ],
  "meta": {
    "mocha": {
      "version": "7.2.0"
    },
    "mochawesome": {
      "options": {
        "quiet": false,
        "reportFilename": "mochawesome",
        "saveHtml": false,
        "saveJson": true,
        "consoleReporter": "spec",
        "useInlineDiffs": false,
        "code": true
      },
      "version": "7.1.4"
    },
    "marge": {
      "options": {
        "reportDir": "cypress/reports",
        "overwrite": false,
        "html": false,
        "json": true
      },
      "version": "6.3.2"
    }
  }
}