{
  "stats": {
    "suites": 1,
    "tests": 1,
    "passes": 1,
    "pending": 0,
    "failures": 0,
    "start": "2025-12-02T15:11:56.945Z",
    "end": "2025-12-02T15:11:58.557Z",
    "duration": 1612,
    "testsRegistered": 1,
    "passPercent": 100,
    "pendingPercent": 0,
    "other": 0,
    "hasOther": false,
    "skipped": 0,
    "hasSkipped": false
  },
  "results": [
    {
      "uuid": "9aab9930-d3ed-4f6a-9e6a-6b693a1430d7",
      "title": "",
      "fullFile": "cypress\\e2e\\basics\\dropdown.cy.js",
      "file": "cypress\\e2e\\basics\\dropdown.cy.js",
      "beforeHooks": [],
      "afterHooks": [],
      "tests": [],
      "suites": [
        {
          "uuid": "5bd398de-dcc0-4ed1-988a-1af13b43583c",
          "title": "Product Sorting - Dropdown Filters",
          "fullFile": "",
          "file": "",
          "beforeHooks": [],
          "afterHooks": [],
          "tests": [
            {
              "title": "should sort products by Price: Low to High using the Page Object",
              "fullTitle": "Product Sorting - Dropdown Filters should sort products by Price: Low to High using the Page Object",
              "timedOut": null,
              "duration": 1546,
              "state": "passed",
              "speed": "fast",
              "pass": true,
              "fail": false,
              "pending": false,
              "context": null,
              "code": "// 🔹 Step: seleziona \"Price (low to high)\"\n_ProductsPage.default.selectSortOption('lohi');\n// 🔹 Verifica: primo prodotto deve essere il più economico\n_ProductsPage.default.productTitle().first().should('contain', 'Sauce Labs Onesie');\n// 🔹 Verifica aggiuntiva: prezzo corretto (base portfolio)\n_ProductsPage.default.productPrice().first().should('contain', '7.99');",
              "err": {},
              "uuid": "56589567-7392-4db7-a8cc-920219651e1f",
              "parentUUID": "5bd398de-dcc0-4ed1-988a-1af13b43583c",
              "isHook": false,
              "skipped": false
            }
          ],
          "suites": [],
          "passes": [
            "56589567-7392-4db7-a8cc-920219651e1f"
          ],
          "failures": [],
          "pending": [],
          "skipped": [],
          "duration": 1546,
          "root": false,
          "rootEmpty": false,
          "_timeout": 2000
        }
      ],
      "passes": [],
      "failures": [],
      "pending": [],
      "skipped": [],
      "duration": 0,
      "root": true,
      "rootEmpty": true,
      "_timeout": 2000
    }
  ],
  "meta": {
    "mocha": {
      "version": "7.2.0"
    },
    "mochawesome": {
      "options": {
        "quiet": false,
        "reportFilename": "mochawesome",
        "saveHtml": false,
        "saveJson": true,
        "consoleReporter": "spec",
        "useInlineDiffs": false,
        "code": true
      },
      "version": "7.1.4"
    },
    "marge": {
      "options": {
        "reportDir": "cypress/reports",
        "overwrite": false,
        "html": false,
        "json": true
      },
      "version": "6.3.2"
    }
  }
}