{
  "stats": {
    "suites": 1,
    "tests": 1,
    "passes": 1,
    "pending": 0,
    "failures": 0,
    "start": "2025-12-02T15:12:00.098Z",
    "end": "2025-12-02T15:12:04.563Z",
    "duration": 4465,
    "testsRegistered": 1,
    "passPercent": 100,
    "pendingPercent": 0,
    "other": 0,
    "hasOther": false,
    "skipped": 0,
    "hasSkipped": false
  },
  "results": [
    {
      "uuid": "8c97edde-ad46-4197-9725-3f80a48eced9",
      "title": "",
      "fullFile": "cypress\\e2e\\basics\\hello.cy.js",
      "file": "cypress\\e2e\\basics\\hello.cy.js",
      "beforeHooks": [],
      "afterHooks": [],
      "tests": [],
      "suites": [
        {
          "uuid": "18603144-4619-4836-9e8f-d3ec1d8c6e91",
          "title": "Hello World Test - Google",
          "fullFile": "",
          "file": "",
          "beforeHooks": [],
          "afterHooks": [],
          "tests": [
            {
              "title": "should visit Google and verify the page title",
              "fullTitle": "Hello World Test - Google should visit Google and verify the page title",
              "timedOut": null,
              "duration": 1207,
              "state": "passed",
              "speed": "fast",
              "pass": true,
              "fail": false,
              "pending": false,
              "context": null,
              "code": "// 🔹 Visita il sito\ncy.visit('https://www.google.com');\n// 🔹 Verifica che il titolo contenga \"Google\"\ncy.title().should('include', 'Google');",
              "err": {},
              "uuid": "25f268c2-4623-412a-a74a-bab755dd8b48",
              "parentUUID": "18603144-4619-4836-9e8f-d3ec1d8c6e91",
              "isHook": false,
              "skipped": false
            }
          ],
          "suites": [],
          "passes": [
            "25f268c2-4623-412a-a74a-bab755dd8b48"
          ],
          "failures": [],
          "pending": [],
          "skipped": [],
          "duration": 1207,
          "root": false,
          "rootEmpty": false,
          "_timeout": 2000
        }
      ],
      "passes": [],
      "failures": [],
      "pending": [],
      "skipped": [],
      "duration": 0,
      "root": true,
      "rootEmpty": true,
      "_timeout": 2000
    }
  ],
  "meta": {
    "mocha": {
      "version": "7.2.0"
    },
    "mochawesome": {
      "options": {
        "quiet": false,
        "reportFilename": "mochawesome",
        "saveHtml": false,
        "saveJson": true,
        "consoleReporter": "spec",
        "useInlineDiffs": false,
        "code": true
      },
      "version": "7.1.4"
    },
    "marge": {
      "options": {
        "reportDir": "cypress/reports",
        "overwrite": false,
        "html": false,
        "json": true
      },
      "version": "6.3.2"
    }
  }
}