{
  "stats": {
    "suites": 1,
    "tests": 1,
    "passes": 1,
    "pending": 0,
    "failures": 0,
    "start": "2025-12-02T15:13:04.627Z",
    "end": "2025-12-02T15:13:07.119Z",
    "duration": 2492,
    "testsRegistered": 1,
    "passPercent": 100,
    "pendingPercent": 0,
    "other": 0,
    "hasOther": false,
    "skipped": 0,
    "hasSkipped": false
  },
  "results": [
    {
      "uuid": "dee53ba7-12d0-49d7-b5a6-67b319e1bcbe",
      "title": "",
      "fullFile": "cypress\\e2e\\cart\\cart_remove_single_product.cy.js",
      "file": "cypress\\e2e\\cart\\cart_remove_single_product.cy.js",
      "beforeHooks": [],
      "afterHooks": [],
      "tests": [],
      "suites": [
        {
          "uuid": "b54a5015-73c6-4fa4-94aa-fb48a7602402",
          "title": "Cart — Remove Products",
          "fullFile": "",
          "file": "",
          "beforeHooks": [],
          "afterHooks": [],
          "tests": [
            {
              "title": "should remove the second product using index",
              "fullTitle": "Cart — Remove Products should remove the second product using index",
              "timedOut": null,
              "duration": 2402,
              "state": "passed",
              "speed": "fast",
              "pass": true,
              "fail": false,
              "pending": false,
              "context": null,
              "code": "// Rimuovo il secondo prodotto (indice 1)\n_CartPage.default.removeProductByIndex(1);\n// Verifico che nel carrello siano rimasti 2 prodotti\ncy.get('.cart_item').should('have.length', 2);\n// Verifico che il badge sia aggiornato\n_CartPage.default.getCartCount().should('have.text', '2');",
              "err": {},
              "uuid": "4ce4dde1-8c93-4de1-9471-3c7d94e9c36d",
              "parentUUID": "b54a5015-73c6-4fa4-94aa-fb48a7602402",
              "isHook": false,
              "skipped": false
            }
          ],
          "suites": [],
          "passes": [
            "4ce4dde1-8c93-4de1-9471-3c7d94e9c36d"
          ],
          "failures": [],
          "pending": [],
          "skipped": [],
          "duration": 2402,
          "root": false,
          "rootEmpty": false,
          "_timeout": 2000
        }
      ],
      "passes": [],
      "failures": [],
      "pending": [],
      "skipped": [],
      "duration": 0,
      "root": true,
      "rootEmpty": true,
      "_timeout": 2000
    }
  ],
  "meta": {
    "mocha": {
      "version": "7.2.0"
    },
    "mochawesome": {
      "options": {
        "quiet": false,
        "reportFilename": "mochawesome",
        "saveHtml": false,
        "saveJson": true,
        "consoleReporter": "spec",
        "useInlineDiffs": false,
        "code": true
      },
      "version": "7.1.4"
    },
    "marge": {
      "options": {
        "reportDir": "cypress/reports",
        "overwrite": false,
        "html": false,
        "json": true
      },
      "version": "6.3.2"
    }
  }
}