{
  "stats": {
    "suites": 1,
    "tests": 1,
    "passes": 1,
    "pending": 0,
    "failures": 0,
    "start": "2025-11-26T12:06:05.827Z",
    "end": "2025-11-26T12:06:06.307Z",
    "duration": 480,
    "testsRegistered": 1,
    "passPercent": 100,
    "pendingPercent": 0,
    "other": 0,
    "hasOther": false,
    "skipped": 0,
    "hasSkipped": false
  },
  "results": [
    {
      "uuid": "242d9d9f-1127-468b-8170-3d55abee842a",
      "title": "",
      "fullFile": "cypress\\e2e\\basics\\dropdown.cy.js",
      "file": "cypress\\e2e\\basics\\dropdown.cy.js",
      "beforeHooks": [],
      "afterHooks": [],
      "tests": [],
      "suites": [
        {
          "uuid": "853579ee-7d7e-4868-aafc-e124ab44bccc",
          "title": "Test Dropdown",
          "fullFile": "",
          "file": "",
          "beforeHooks": [],
          "afterHooks": [],
          "tests": [
            {
              "title": "Seleziona un valore dal dropdown",
              "fullTitle": "Test Dropdown Seleziona un valore dal dropdown",
              "timedOut": null,
              "duration": 441,
              "state": "passed",
              "speed": "fast",
              "pass": true,
              "fail": false,
              "pending": false,
              "context": null,
              "code": "cy.visit('cypress/fixtures/dropdown.html');\n// Controlla che il dropdown sia visibile\ncy.get('select[name=\"frutta\"]').should('be.visible');\n// Seleziona un valore\ncy.get('select[name=\"frutta\"]').select('Banana');\n// Verifica che il valore selezionato sia corretto\ncy.get('select[name=\"frutta\"]').should('have.value', 'banana');",
              "err": {},
              "uuid": "844b2c1c-fc87-4b01-95ac-64ec3442581a",
              "parentUUID": "853579ee-7d7e-4868-aafc-e124ab44bccc",
              "isHook": false,
              "skipped": false
            }
          ],
          "suites": [],
          "passes": [
            "844b2c1c-fc87-4b01-95ac-64ec3442581a"
          ],
          "failures": [],
          "pending": [],
          "skipped": [],
          "duration": 441,
          "root": false,
          "rootEmpty": false,
          "_timeout": 2000
        }
      ],
      "passes": [],
      "failures": [],
      "pending": [],
      "skipped": [],
      "duration": 0,
      "root": true,
      "rootEmpty": true,
      "_timeout": 2000
    }
  ],
  "meta": {
    "mocha": {
      "version": "7.2.0"
    },
    "mochawesome": {
      "options": {
        "quiet": false,
        "reportFilename": "mochawesome",
        "saveHtml": false,
        "saveJson": true,
        "consoleReporter": "spec",
        "useInlineDiffs": false,
        "code": true
      },
      "version": "7.1.4"
    },
    "marge": {
      "options": {
        "reportDir": "cypress/reports",
        "overwrite": false,
        "html": false,
        "json": true
      },
      "version": "6.3.2"
    }
  }
}