{
  "stats": {
    "suites": 1,
    "tests": 1,
    "passes": 1,
    "pending": 0,
    "failures": 0,
    "start": "2025-12-04T14:50:04.752Z",
    "end": "2025-12-04T14:50:06.408Z",
    "duration": 1656,
    "testsRegistered": 1,
    "passPercent": 100,
    "pendingPercent": 0,
    "other": 0,
    "hasOther": false,
    "skipped": 0,
    "hasSkipped": false
  },
  "results": [
    {
      "uuid": "85292370-fc0c-48c7-a3bf-9ecb791402de",
      "title": "",
      "fullFile": "cypress\\e2e\\cart\\add_product_cart.cy.js",
      "file": "cypress\\e2e\\cart\\add_product_cart.cy.js",
      "beforeHooks": [],
      "afterHooks": [],
      "tests": [],
      "suites": [
        {
          "uuid": "e229f499-aa90-4b2b-a94d-6524a1ffaa4e",
          "title": "Cart Tests - SauceDemo",
          "fullFile": "",
          "file": "",
          "beforeHooks": [],
          "afterHooks": [],
          "tests": [
            {
              "title": "should add a product to the cart and update badge",
              "fullTitle": "Cart Tests - SauceDemo should add a product to the cart and update badge",
              "timedOut": null,
              "duration": 1564,
              "state": "passed",
              "speed": "fast",
              "pass": true,
              "fail": false,
              "pending": false,
              "context": null,
              "code": "// Badge inizialmente non visibile\n_CartPage.default.getCartCount().should('not.exist');\n// Aggiungi il primo prodotto\n_CartPage.default.addFirstProductToCart();\n// Badge dovrebbe apparire con numero 1\n_CartPage.default.getCartCount().should('be.visible').and('contain.text', '1');",
              "err": {},
              "uuid": "9e68855c-eeaf-416d-83b7-d5a28663bf37",
              "parentUUID": "e229f499-aa90-4b2b-a94d-6524a1ffaa4e",
              "isHook": false,
              "skipped": false
            }
          ],
          "suites": [],
          "passes": [
            "9e68855c-eeaf-416d-83b7-d5a28663bf37"
          ],
          "failures": [],
          "pending": [],
          "skipped": [],
          "duration": 1564,
          "root": false,
          "rootEmpty": false,
          "_timeout": 2000
        }
      ],
      "passes": [],
      "failures": [],
      "pending": [],
      "skipped": [],
      "duration": 0,
      "root": true,
      "rootEmpty": true,
      "_timeout": 2000
    }
  ],
  "meta": {
    "mocha": {
      "version": "7.2.0"
    },
    "mochawesome": {
      "options": {
        "quiet": false,
        "reportFilename": "mochawesome",
        "saveHtml": false,
        "saveJson": true,
        "consoleReporter": "spec",
        "useInlineDiffs": false,
        "code": true
      },
      "version": "7.1.4"
    },
    "marge": {
      "options": {
        "reportDir": "cypress/reports",
        "overwrite": false,
        "html": false,
        "json": true
      },
      "version": "6.3.2"
    }
  }
}