{
  "stats": {
    "suites": 1,
    "tests": 1,
    "passes": 0,
    "pending": 0,
    "failures": 1,
    "start": "2025-11-26T13:15:26.020Z",
    "end": "2025-11-26T13:15:33.544Z",
    "duration": 7524,
    "testsRegistered": 1,
    "passPercent": 0,
    "pendingPercent": 0,
    "other": 0,
    "hasOther": false,
    "skipped": 0,
    "hasSkipped": false
  },
  "results": [
    {
      "uuid": "c8385603-e260-4a03-b143-a7ec3bbc354e",
      "title": "",
      "fullFile": "cypress\\e2e\\api\\apiStub.cy.js",
      "file": "cypress\\e2e\\api\\apiStub.cy.js",
      "beforeHooks": [],
      "afterHooks": [],
      "tests": [],
      "suites": [
        {
          "uuid": "484ffd25-f49c-426a-873c-768ede468bbc",
          "title": "API Stub Test - SauceDemo",
          "fullFile": "",
          "file": "",
          "beforeHooks": [],
          "afterHooks": [],
          "tests": [
            {
              "title": "should intercept inventory page request",
              "fullTitle": "API Stub Test - SauceDemo should intercept inventory page request",
              "timedOut": null,
              "duration": 7478,
              "state": "failed",
              "speed": null,
              "pass": false,
              "fail": true,
              "pending": false,
              "context": null,
              "code": "cy.intercept('GET', '/inventory.html').as('getInventory');\ncy.reload();\ncy.wait('@getInventory').its('response.statusCode').should('eq', 200);",
              "err": {
                "message": "AssertionError: Timed out retrying after 4000ms: expected 404 to equal 200",
                "estack": "AssertionError: Timed out retrying after 4000ms: expected 404 to equal 200\n    at Context.eval (webpack://cypressclean/./cypress/e2e/api/apiStub.cy.js:14:56)",
                "diff": "- 404\n+ 200\n"
              },
              "uuid": "02829eba-e815-4f07-89d0-325b7e6a1571",
              "parentUUID": "484ffd25-f49c-426a-873c-768ede468bbc",
              "isHook": false,
              "skipped": false
            }
          ],
          "suites": [],
          "passes": [],
          "failures": [
            "02829eba-e815-4f07-89d0-325b7e6a1571"
          ],
          "pending": [],
          "skipped": [],
          "duration": 7478,
          "root": false,
          "rootEmpty": false,
          "_timeout": 2000
        }
      ],
      "passes": [],
      "failures": [],
      "pending": [],
      "skipped": [],
      "duration": 0,
      "root": true,
      "rootEmpty": true,
      "_timeout": 2000
    }
  ],
  "meta": {
    "mocha": {
      "version": "7.2.0"
    },
    "mochawesome": {
      "options": {
        "quiet": false,
        "reportFilename": "mochawesome",
        "saveHtml": false,
        "saveJson": true,
        "consoleReporter": "spec",
        "useInlineDiffs": false,
        "code": true
      },
      "version": "7.1.4"
    },
    "marge": {
      "options": {
        "reportDir": "cypress/reports",
        "overwrite": false,
        "html": false,
        "json": true
      },
      "version": "6.3.2"
    }
  }
}