{
  "stats": {
    "suites": 1,
    "tests": 2,
    "passes": 2,
    "pending": 0,
    "failures": 0,
    "start": "2025-11-26T13:50:20.399Z",
    "end": "2025-11-26T13:50:22.673Z",
    "duration": 2274,
    "testsRegistered": 2,
    "passPercent": 100,
    "pendingPercent": 0,
    "other": 0,
    "hasOther": false,
    "skipped": 0,
    "hasSkipped": false
  },
  "results": [
    {
      "uuid": "0d9ce99c-33c4-4c83-85e7-fdb199645b3d",
      "title": "",
      "fullFile": "cypress\\e2e\\dataDriven\\dataDriven.cy.js",
      "file": "cypress\\e2e\\dataDriven\\dataDriven.cy.js",
      "beforeHooks": [],
      "afterHooks": [],
      "tests": [],
      "suites": [
        {
          "uuid": "6457d1f5-5425-4153-8b73-c8dd0bb24f7d",
          "title": "Data Driven Login - SauceDemo",
          "fullFile": "",
          "file": "",
          "beforeHooks": [],
          "afterHooks": [],
          "tests": [
            {
              "title": "should login for standard_user",
              "fullTitle": "Data Driven Login - SauceDemo should login for standard_user",
              "timedOut": null,
              "duration": 1259,
              "state": "passed",
              "speed": "fast",
              "pass": true,
              "fail": false,
              "pending": false,
              "context": null,
              "code": "cy.visit('/');\ncy.get('[data-test=username]').type(user.username);\ncy.get('[data-test=password]').type(user.password);\ncy.get('[data-test=login-button]').click();\nif (user.valid) {\n  cy.url().should('include', '/inventory.html');\n} else {\n  cy.get('[data-test=error]').should('contain', 'locked out');\n}",
              "err": {},
              "uuid": "4a87cb6f-4b5b-45de-b954-9ea567eb3322",
              "parentUUID": "6457d1f5-5425-4153-8b73-c8dd0bb24f7d",
              "isHook": false,
              "skipped": false
            },
            {
              "title": "should fail for locked_out_user",
              "fullTitle": "Data Driven Login - SauceDemo should fail for locked_out_user",
              "timedOut": null,
              "duration": 932,
              "state": "passed",
              "speed": "fast",
              "pass": true,
              "fail": false,
              "pending": false,
              "context": null,
              "code": "cy.visit('/');\ncy.get('[data-test=username]').type(user.username);\ncy.get('[data-test=password]').type(user.password);\ncy.get('[data-test=login-button]').click();\nif (user.valid) {\n  cy.url().should('include', '/inventory.html');\n} else {\n  cy.get('[data-test=error]').should('contain', 'locked out');\n}",
              "err": {},
              "uuid": "53403b1d-0cb2-45a8-ac2c-53ce830814a2",
              "parentUUID": "6457d1f5-5425-4153-8b73-c8dd0bb24f7d",
              "isHook": false,
              "skipped": false
            }
          ],
          "suites": [],
          "passes": [
            "4a87cb6f-4b5b-45de-b954-9ea567eb3322",
            "53403b1d-0cb2-45a8-ac2c-53ce830814a2"
          ],
          "failures": [],
          "pending": [],
          "skipped": [],
          "duration": 2191,
          "root": false,
          "rootEmpty": false,
          "_timeout": 2000
        }
      ],
      "passes": [],
      "failures": [],
      "pending": [],
      "skipped": [],
      "duration": 0,
      "root": true,
      "rootEmpty": true,
      "_timeout": 2000
    }
  ],
  "meta": {
    "mocha": {
      "version": "7.2.0"
    },
    "mochawesome": {
      "options": {
        "quiet": false,
        "reportFilename": "mochawesome",
        "saveHtml": false,
        "saveJson": true,
        "consoleReporter": "spec",
        "useInlineDiffs": false,
        "code": true
      },
      "version": "7.1.4"
    },
    "marge": {
      "options": {
        "reportDir": "cypress/reports",
        "overwrite": false,
        "html": false,
        "json": true
      },
      "version": "6.3.2"
    }
  }
}