{
  "stats": {
    "suites": 1,
    "tests": 1,
    "passes": 1,
    "pending": 0,
    "failures": 0,
    "start": "2025-12-02T15:14:15.713Z",
    "end": "2025-12-02T15:14:17.557Z",
    "duration": 1844,
    "testsRegistered": 1,
    "passPercent": 100,
    "pendingPercent": 0,
    "other": 0,
    "hasOther": false,
    "skipped": 0,
    "hasSkipped": false
  },
  "results": [
    {
      "uuid": "1596a89b-cb13-4e25-9bd8-c648eec0189e",
      "title": "",
      "fullFile": "cypress\\e2e\\smoke\\09_cart_realsite.cy.js",
      "file": "cypress\\e2e\\smoke\\09_cart_realsite.cy.js",
      "beforeHooks": [],
      "afterHooks": [],
      "tests": [],
      "suites": [
        {
          "uuid": "ae2b577f-a7fc-456a-882b-e120f8d28c9b",
          "title": "Cart Smoke Test - SauceDemo",
          "fullFile": "",
          "file": "",
          "beforeHooks": [],
          "afterHooks": [],
          "tests": [
            {
              "title": "should add a product to the cart",
              "fullTitle": "Cart Smoke Test - SauceDemo should add a product to the cart",
              "timedOut": null,
              "duration": 1769,
              "state": "passed",
              "speed": "fast",
              "pass": true,
              "fail": false,
              "pending": false,
              "context": null,
              "code": "// Aggiunge il primo prodotto disponibile\n_CartPage.default.addFirstProductToCart();\n// Verifica che il badge del carrello mostri 1 prodotto\n_CartPage.default.getCartCount().should('contain.text', '1');",
              "err": {},
              "uuid": "cd6701e8-69c1-4688-9008-c8b1555bf575",
              "parentUUID": "ae2b577f-a7fc-456a-882b-e120f8d28c9b",
              "isHook": false,
              "skipped": false
            }
          ],
          "suites": [],
          "passes": [
            "cd6701e8-69c1-4688-9008-c8b1555bf575"
          ],
          "failures": [],
          "pending": [],
          "skipped": [],
          "duration": 1769,
          "root": false,
          "rootEmpty": false,
          "_timeout": 2000
        }
      ],
      "passes": [],
      "failures": [],
      "pending": [],
      "skipped": [],
      "duration": 0,
      "root": true,
      "rootEmpty": true,
      "_timeout": 2000
    }
  ],
  "meta": {
    "mocha": {
      "version": "7.2.0"
    },
    "mochawesome": {
      "options": {
        "quiet": false,
        "reportFilename": "mochawesome",
        "saveHtml": false,
        "saveJson": true,
        "consoleReporter": "spec",
        "useInlineDiffs": false,
        "code": true
      },
      "version": "7.1.4"
    },
    "marge": {
      "options": {
        "reportDir": "cypress/reports",
        "overwrite": false,
        "html": false,
        "json": true
      },
      "version": "6.3.2"
    }
  }
}