{
  "stats": {
    "suites": 1,
    "tests": 2,
    "passes": 2,
    "pending": 0,
    "failures": 0,
    "start": "2025-11-26T12:06:34.693Z",
    "end": "2025-11-26T12:06:36.528Z",
    "duration": 1835,
    "testsRegistered": 2,
    "passPercent": 100,
    "pendingPercent": 0,
    "other": 0,
    "hasOther": false,
    "skipped": 0,
    "hasSkipped": false
  },
  "results": [
    {
      "uuid": "fb57f316-93e2-4e63-8bdd-9817cdc935f8",
      "title": "",
      "fullFile": "cypress\\e2e\\basics\\login.cy.js",
      "file": "cypress\\e2e\\basics\\login.cy.js",
      "beforeHooks": [],
      "afterHooks": [],
      "tests": [],
      "suites": [
        {
          "uuid": "5d062df0-c6a3-4619-8afb-bd08b7a47636",
          "title": "Login Form Test",
          "fullFile": "",
          "file": "",
          "beforeHooks": [],
          "afterHooks": [],
          "tests": [
            {
              "title": "Should login with correct credentials",
              "fullTitle": "Login Form Test Should login with correct credentials",
              "timedOut": null,
              "duration": 864,
              "state": "passed",
              "speed": "fast",
              "pass": true,
              "fail": false,
              "pending": false,
              "context": null,
              "code": "cy.visit('cypress/fixtures/login.html');\ncy.get('input[name=\"username\"]').type('admin');\ncy.get('input[name=\"password\"]').type('1234');\ncy.get('button[type=\"submit\"]').click();\ncy.get('.message').should('contain', 'Login successful');",
              "err": {},
              "uuid": "13dc48f8-a841-481c-8c47-fe09492c2be1",
              "parentUUID": "5d062df0-c6a3-4619-8afb-bd08b7a47636",
              "isHook": false,
              "skipped": false
            },
            {
              "title": "Should show error for wrong credentials",
              "fullTitle": "Login Form Test Should show error for wrong credentials",
              "timedOut": null,
              "duration": 802,
              "state": "passed",
              "speed": "fast",
              "pass": true,
              "fail": false,
              "pending": false,
              "context": null,
              "code": "cy.visit('cypress/fixtures/login.html');\ncy.get('input[name=\"username\"]').type('user');\ncy.get('input[name=\"password\"]').type('wrong');\ncy.get('button[type=\"submit\"]').click();\ncy.get('.message').should('contain', 'Invalid credentials');",
              "err": {},
              "uuid": "f0bc414c-095f-483a-857e-b4d808e2ee55",
              "parentUUID": "5d062df0-c6a3-4619-8afb-bd08b7a47636",
              "isHook": false,
              "skipped": false
            }
          ],
          "suites": [],
          "passes": [
            "13dc48f8-a841-481c-8c47-fe09492c2be1",
            "f0bc414c-095f-483a-857e-b4d808e2ee55"
          ],
          "failures": [],
          "pending": [],
          "skipped": [],
          "duration": 1666,
          "root": false,
          "rootEmpty": false,
          "_timeout": 2000
        }
      ],
      "passes": [],
      "failures": [],
      "pending": [],
      "skipped": [],
      "duration": 0,
      "root": true,
      "rootEmpty": true,
      "_timeout": 2000
    }
  ],
  "meta": {
    "mocha": {
      "version": "7.2.0"
    },
    "mochawesome": {
      "options": {
        "quiet": false,
        "reportFilename": "mochawesome",
        "saveHtml": false,
        "saveJson": true,
        "consoleReporter": "spec",
        "useInlineDiffs": false,
        "code": true
      },
      "version": "7.1.4"
    },
    "marge": {
      "options": {
        "reportDir": "cypress/reports",
        "overwrite": false,
        "html": false,
        "json": true
      },
      "version": "6.3.2"
    }
  }
}