{
  "stats": {
    "suites": 1,
    "tests": 2,
    "passes": 2,
    "pending": 0,
    "failures": 0,
    "start": "2025-11-26T13:36:49.163Z",
    "end": "2025-11-26T13:36:52.057Z",
    "duration": 2894,
    "testsRegistered": 2,
    "passPercent": 100,
    "pendingPercent": 0,
    "other": 0,
    "hasOther": false,
    "skipped": 0,
    "hasSkipped": false
  },
  "results": [
    {
      "uuid": "49178b9b-c733-46e1-9c0b-38cf04c7eac7",
      "title": "",
      "fullFile": "cypress\\e2e\\basics\\login.cy.js",
      "file": "cypress\\e2e\\basics\\login.cy.js",
      "beforeHooks": [],
      "afterHooks": [],
      "tests": [],
      "suites": [
        {
          "uuid": "6c0aaa3e-41b6-48ef-9355-d696aa79bbb5",
          "title": "Login Form Test - SauceDemo",
          "fullFile": "",
          "file": "",
          "beforeHooks": [],
          "afterHooks": [],
          "tests": [
            {
              "title": "Should login with correct credentials",
              "fullTitle": "Login Form Test - SauceDemo Should login with correct credentials",
              "timedOut": null,
              "duration": 1979,
              "state": "passed",
              "speed": "fast",
              "pass": true,
              "fail": false,
              "pending": false,
              "context": null,
              "code": "cy.get('[data-test=username]').type('standard_user');\ncy.get('[data-test=password]').type('secret_sauce');\ncy.get('[data-test=login-button]').click();\ncy.url().should('include', '/inventory.html');",
              "err": {},
              "uuid": "b889bc81-6cb7-4ee3-bdb1-cca2396e2474",
              "parentUUID": "6c0aaa3e-41b6-48ef-9355-d696aa79bbb5",
              "isHook": false,
              "skipped": false
            },
            {
              "title": "Should show error for wrong credentials",
              "fullTitle": "Login Form Test - SauceDemo Should show error for wrong credentials",
              "timedOut": null,
              "duration": 814,
              "state": "passed",
              "speed": "fast",
              "pass": true,
              "fail": false,
              "pending": false,
              "context": null,
              "code": "cy.get('[data-test=username]').type('wrong_user');\ncy.get('[data-test=password]').type('wrong_password');\ncy.get('[data-test=login-button]').click();\ncy.get('[data-test=error]').should('contain', 'Username and password do not match');",
              "err": {},
              "uuid": "36ea954a-88ba-451e-9d4d-669aa13cbc8d",
              "parentUUID": "6c0aaa3e-41b6-48ef-9355-d696aa79bbb5",
              "isHook": false,
              "skipped": false
            }
          ],
          "suites": [],
          "passes": [
            "b889bc81-6cb7-4ee3-bdb1-cca2396e2474",
            "36ea954a-88ba-451e-9d4d-669aa13cbc8d"
          ],
          "failures": [],
          "pending": [],
          "skipped": [],
          "duration": 2793,
          "root": false,
          "rootEmpty": false,
          "_timeout": 2000
        }
      ],
      "passes": [],
      "failures": [],
      "pending": [],
      "skipped": [],
      "duration": 0,
      "root": true,
      "rootEmpty": true,
      "_timeout": 2000
    }
  ],
  "meta": {
    "mocha": {
      "version": "7.2.0"
    },
    "mochawesome": {
      "options": {
        "quiet": false,
        "reportFilename": "mochawesome",
        "saveHtml": false,
        "saveJson": true,
        "consoleReporter": "spec",
        "useInlineDiffs": false,
        "code": true
      },
      "version": "7.1.4"
    },
    "marge": {
      "options": {
        "reportDir": "cypress/reports",
        "overwrite": false,
        "html": false,
        "json": true
      },
      "version": "6.3.2"
    }
  }
}