{
  "stats": {
    "suites": 1,
    "tests": 1,
    "passes": 0,
    "pending": 0,
    "failures": 1,
    "start": "2025-12-02T16:06:32.216Z",
    "end": "2025-12-02T16:06:33.729Z",
    "duration": 1513,
    "testsRegistered": 1,
    "passPercent": 0,
    "pendingPercent": 0,
    "other": 0,
    "hasOther": false,
    "skipped": 0,
    "hasSkipped": false
  },
  "results": [
    {
      "uuid": "a9ec88cc-37ec-4e1e-bddb-1d48a7944a06",
      "title": "",
      "fullFile": "cypress\\e2e\\api\\api_intercept.cy.js",
      "file": "cypress\\e2e\\api\\api_intercept.cy.js",
      "beforeHooks": [],
      "afterHooks": [],
      "tests": [],
      "suites": [
        {
          "uuid": "a3f2bdff-4aa8-4af5-80d8-83728191e362",
          "title": "API Intercept - QA Practice",
          "fullFile": "",
          "file": "",
          "beforeHooks": [],
          "afterHooks": [],
          "tests": [
            {
              "title": "Intercept GET users and mock response with cy.request",
              "fullTitle": "API Intercept - QA Practice Intercept GET users and mock response with cy.request",
              "timedOut": null,
              "duration": 1197,
              "state": "failed",
              "speed": null,
              "pass": false,
              "fail": true,
              "pending": false,
              "context": null,
              "code": "cy.intercept('GET', '**/api/users**', {\n  statusCode: 200,\n  body: {\n    page: 1,\n    per_page: 6,\n    total: 12,\n    total_pages: 2,\n    data: [{\n      id: 999,\n      email: 'mocked@user.com',\n      first_name: 'Mocked',\n      last_name: 'User'\n    }]\n  }\n}).as('mockUsers');\n// Chiamata all'API reale\ncy.request('GET', 'https://qa-practice.razvanvancea.ro/api/users').then(() => {\n  cy.wait('@mockUsers').its('response.statusCode').should('eq', 200);\n});",
              "err": {
                "message": "CypressError: `cy.request()` failed on:\n\nhttps://qa-practice.razvanvancea.ro/api/users\n\nThe response we received from your web server was:\n\n  > 404: Not Found\n\nThis was considered a failure because the status code was not `2xx` or `3xx`.\n\nIf you do not want status codes to cause failures pass the option: `failOnStatusCode: false`\n\n-----------------------------------------------------------\n\nThe request we sent was:\n\nMethod: GET\nURL: https://qa-practice.razvanvancea.ro/api/users\nHeaders: {\n  \"Connection\": \"keep-alive\",\n  \"user-agent\": \"Mozilla/5.0 (Windows NT 10.0; Win64; x64) AppleWebKit/537.36 (KHTML, like Gecko) Cypress/15.2.0 Chrome/136.0.7103.149 Electron/36.4.0 Safari/537.36\",\n  \"accept\": \"*/*\",\n  \"accept-encoding\": \"gzip, deflate\"\n}\n\n-----------------------------------------------------------\n\nThe response we got was:\n\nStatus: 404 - Not Found\nHeaders: {\n  \"connection\": \"Keep-Alive\",\n  \"keep-alive\": \"timeout=5, max=100\",\n  \"cache-control\": \"private, no-cache, no-store, must-revalidate, max-age=0\",\n  \"pragma\": \"no-cache\",\n  \"content-type\": \"text/html\",\n  \"content-length\": \"1251\",\n  \"date\": \"Tue, 02 Dec 2025 16:06:31 GMT\",\n  \"server\": \"LiteSpeed\",\n  \"x-xss-protection\": \"1; mode=block\",\n  \"x-content-type-options\": \"nosniff\",\n  \"alt-svc\": \"h3=\\\":443\\\"; ma=2592000, h3-29=\\\":443\\\"; ma=2592000, h3-Q050=\\\":443\\\"; ma=2592000, h3-Q046=\\\":443\\\"; ma=2592000, h3-Q043=\\\":443\\\"; ma=2592000, quic=\\\":443\\\"; ma=2592000; v=\\\"43,46\\\"\"\n}\nBody: <!DOCTYPE html>\n<html style=\"height:100%\">\n<head>\n<meta name=\"viewport\" content=\"width=device-width, initial-scale=1, shrink-to-fit=no\" />\n<title> 404 Not Found\r\n</title><style>@media (prefers-color-scheme:dark){body{background-color:#000!important}}</style></head>\n<body style=\"color: #444; margin:0;font: normal 14px/20px Arial, Helvetica, sans-serif; height:100%; background-color: #fff;\">\n<div style=\"height:auto; min-height:100%; \">     <div style=\"text-align: center; width:800px; margin-left: -400px; position:absolute; top: 30%; left:50%;\">\n        <h1 style=\"margin:0; font-size:150px; line-height:150px; font-weight:bold;\">404</h1>\n<h2 style=\"margin-top:20px;font-size: 30px;\">Not Found\r\n</h2>\n<p>The resource requested could not be found on this server!</p>\n</div></div><div style=\"color:#f0f0f0; font-size:12px;margin:auto;padding:0px 30px 0px 30px;position:relative;clear:both;height:100px;margin-top:-101px;background-color:#474747;border-top: 1px solid rgba(0,0,0,0.15);box-shadow: 0 1px 0 rgba(255, 255, 255, 0.3) inset;\">\n<br>Proudly powered by LiteSpeed Web Server<p>Please be advised that LiteSpeed Technologies Inc. is not a web hosting company and, as such, has no control over content found on this site.</p></div></body></html>\n\nhttps://on.cypress.io/request",
                "estack": "CypressError: `cy.request()` failed on:\n\nhttps://qa-practice.razvanvancea.ro/api/users\n\nThe response we received from your web server was:\n\n  > 404: Not Found\n\nThis was considered a failure because the status code was not `2xx` or `3xx`.\n\nIf you do not want status codes to cause failures pass the option: `failOnStatusCode: false`\n\n-----------------------------------------------------------\n\nThe request we sent was:\n\nMethod: GET\nURL: https://qa-practice.razvanvancea.ro/api/users\nHeaders: {\n  \"Connection\": \"keep-alive\",\n  \"user-agent\": \"Mozilla/5.0 (Windows NT 10.0; Win64; x64) AppleWebKit/537.36 (KHTML, like Gecko) Cypress/15.2.0 Chrome/136.0.7103.149 Electron/36.4.0 Safari/537.36\",\n  \"accept\": \"*/*\",\n  \"accept-encoding\": \"gzip, deflate\"\n}\n\n-----------------------------------------------------------\n\nThe response we got was:\n\nStatus: 404 - Not Found\nHeaders: {\n  \"connection\": \"Keep-Alive\",\n  \"keep-alive\": \"timeout=5, max=100\",\n  \"cache-control\": \"private, no-cache, no-store, must-revalidate, max-age=0\",\n  \"pragma\": \"no-cache\",\n  \"content-type\": \"text/html\",\n  \"content-length\": \"1251\",\n  \"date\": \"Tue, 02 Dec 2025 16:06:31 GMT\",\n  \"server\": \"LiteSpeed\",\n  \"x-xss-protection\": \"1; mode=block\",\n  \"x-content-type-options\": \"nosniff\",\n  \"alt-svc\": \"h3=\\\":443\\\"; ma=2592000, h3-29=\\\":443\\\"; ma=2592000, h3-Q050=\\\":443\\\"; ma=2592000, h3-Q046=\\\":443\\\"; ma=2592000, h3-Q043=\\\":443\\\"; ma=2592000, quic=\\\":443\\\"; ma=2592000; v=\\\"43,46\\\"\"\n}\nBody: <!DOCTYPE html>\n<html style=\"height:100%\">\n<head>\n<meta name=\"viewport\" content=\"width=device-width, initial-scale=1, shrink-to-fit=no\" />\n<title> 404 Not Found\r\n</title><style>@media (prefers-color-scheme:dark){body{background-color:#000!important}}</style></head>\n<body style=\"color: #444; margin:0;font: normal 14px/20px Arial, Helvetica, sans-serif; height:100%; background-color: #fff;\">\n<div style=\"height:auto; min-height:100%; \">     <div style=\"text-align: center; width:800px; margin-left: -400px; position:absolute; top: 30%; left:50%;\">\n        <h1 style=\"margin:0; font-size:150px; line-height:150px; font-weight:bold;\">404</h1>\n<h2 style=\"margin-top:20px;font-size: 30px;\">Not Found\r\n</h2>\n<p>The resource requested could not be found on this server!</p>\n</div></div><div style=\"color:#f0f0f0; font-size:12px;margin:auto;padding:0px 30px 0px 30px;position:relative;clear:both;height:100px;margin-top:-101px;background-color:#474747;border-top: 1px solid rgba(0,0,0,0.15);box-shadow: 0 1px 0 rgba(255, 255, 255, 0.3) inset;\">\n<br>Proudly powered by LiteSpeed Web Server<p>Please be advised that LiteSpeed Technologies Inc. is not a web hosting company and, as such, has no control over content found on this site.</p></div></body></html>\n\nhttps://on.cypress.io/request\n    at <unknown> (https://www.saucedemo.com/__cypress/runner/cypress_runner.js:136268:72)\n    at tryCatcher (https://www.saucedemo.com/__cypress/runner/cypress_runner.js:1777:23)\n    at Promise._settlePromiseFromHandler (https://www.saucedemo.com/__cypress/runner/cypress_runner.js:1489:31)\n    at Promise._settlePromise (https://www.saucedemo.com/__cypress/runner/cypress_runner.js:1546:18)\n    at Promise._settlePromise0 (https://www.saucedemo.com/__cypress/runner/cypress_runner.js:1591:10)\n    at Promise._settlePromises (https://www.saucedemo.com/__cypress/runner/cypress_runner.js:1671:18)\n    at _drainQueueStep (https://www.saucedemo.com/__cypress/runner/cypress_runner.js:2377:12)\n    at _drainQueue (https://www.saucedemo.com/__cypress/runner/cypress_runner.js:2370:9)\n    at Async._drainQueues (https://www.saucedemo.com/__cypress/runner/cypress_runner.js:2386:5)\n    at Async.drainQueues (https://www.saucedemo.com/__cypress/runner/cypress_runner.js:2256:14)\nFrom Your Spec Code:\n    at Context.eval (webpack://cypressclean/./cypress/e2e/api/api_intercept.cy.js:17:7)",
                "diff": null
              },
              "uuid": "b2779a84-6921-44e7-802f-e639ebd45cf3",
              "parentUUID": "a3f2bdff-4aa8-4af5-80d8-83728191e362",
              "isHook": false,
              "skipped": false
            }
          ],
          "suites": [],
          "passes": [],
          "failures": [
            "b2779a84-6921-44e7-802f-e639ebd45cf3"
          ],
          "pending": [],
          "skipped": [],
          "duration": 1197,
          "root": false,
          "rootEmpty": false,
          "_timeout": 2000
        }
      ],
      "passes": [],
      "failures": [],
      "pending": [],
      "skipped": [],
      "duration": 0,
      "root": true,
      "rootEmpty": true,
      "_timeout": 2000
    }
  ],
  "meta": {
    "mocha": {
      "version": "7.2.0"
    },
    "mochawesome": {
      "options": {
        "quiet": false,
        "reportFilename": "mochawesome",
        "saveHtml": false,
        "saveJson": true,
        "consoleReporter": "spec",
        "useInlineDiffs": false,
        "code": true
      },
      "version": "7.1.4"
    },
    "marge": {
      "options": {
        "reportDir": "cypress/reports",
        "overwrite": false,
        "html": false,
        "json": true
      },
      "version": "6.3.2"
    }
  }
}