{
  "stats": {
    "suites": 1,
    "tests": 2,
    "passes": 2,
    "pending": 0,
    "failures": 0,
    "start": "2025-11-26T12:06:43.923Z",
    "end": "2025-11-26T12:06:51.012Z",
    "duration": 7089,
    "testsRegistered": 2,
    "passPercent": 100,
    "pendingPercent": 0,
    "other": 0,
    "hasOther": false,
    "skipped": 0,
    "hasSkipped": false
  },
  "results": [
    {
      "uuid": "2670d801-c070-42af-9ff1-a90f0f3bb02e",
      "title": "",
      "fullFile": "cypress\\e2e\\real_sites\\01_homepage.cy.js",
      "file": "cypress\\e2e\\real_sites\\01_homepage.cy.js",
      "beforeHooks": [],
      "afterHooks": [],
      "tests": [],
      "suites": [
        {
          "uuid": "1790c5bf-b2fa-43a0-9dc0-b9afebf35744",
          "title": "Login Page Tests",
          "fullFile": "",
          "file": "",
          "beforeHooks": [],
          "afterHooks": [],
          "tests": [
            {
              "title": "should display login form correctly",
              "fullTitle": "Login Page Tests should display login form correctly",
              "timedOut": null,
              "duration": 1664,
              "state": "passed",
              "speed": "fast",
              "pass": true,
              "fail": false,
              "pending": false,
              "context": null,
              "code": "// Assert: check all elements exist\n_loginPage.default.usernameInput().should('be.visible');\n_loginPage.default.passwordInput().should('be.visible');\n_loginPage.default.loginButton().should('be.visible');",
              "err": {},
              "uuid": "9b4f3703-aaed-4114-9572-740ae0f64a0f",
              "parentUUID": "1790c5bf-b2fa-43a0-9dc0-b9afebf35744",
              "isHook": false,
              "skipped": false
            },
            {
              "title": "should show error message on invalid credentials",
              "fullTitle": "Login Page Tests should show error message on invalid credentials",
              "timedOut": null,
              "duration": 1501,
              "state": "passed",
              "speed": "fast",
              "pass": true,
              "fail": false,
              "pending": false,
              "context": null,
              "code": "// Act: enter invalid credentials\n_loginPage.default.enterUsername('invalid_user');\n_loginPage.default.enterPassword('invalid_pass');\n_loginPage.default.clickLogin();\n// Assert: error message is visible\n_loginPage.default.errorMessage().should('be.visible').and('contain.text', 'Epic sadface: Username and password do not match any user in this service');",
              "err": {},
              "uuid": "407af091-fade-4a43-a4ea-490a05470e0d",
              "parentUUID": "1790c5bf-b2fa-43a0-9dc0-b9afebf35744",
              "isHook": false,
              "skipped": false
            }
          ],
          "suites": [],
          "passes": [
            "9b4f3703-aaed-4114-9572-740ae0f64a0f",
            "407af091-fade-4a43-a4ea-490a05470e0d"
          ],
          "failures": [],
          "pending": [],
          "skipped": [],
          "duration": 3165,
          "root": false,
          "rootEmpty": false,
          "_timeout": 2000
        }
      ],
      "passes": [],
      "failures": [],
      "pending": [],
      "skipped": [],
      "duration": 0,
      "root": true,
      "rootEmpty": true,
      "_timeout": 2000
    }
  ],
  "meta": {
    "mocha": {
      "version": "7.2.0"
    },
    "mochawesome": {
      "options": {
        "quiet": false,
        "reportFilename": "mochawesome",
        "saveHtml": false,
        "saveJson": true,
        "consoleReporter": "spec",
        "useInlineDiffs": false,
        "code": true
      },
      "version": "7.1.4"
    },
    "marge": {
      "options": {
        "reportDir": "cypress/reports",
        "overwrite": false,
        "html": false,
        "json": true
      },
      "version": "6.3.2"
    }
  }
}