{
  "stats": {
    "suites": 1,
    "tests": 1,
    "passes": 0,
    "pending": 0,
    "failures": 1,
    "start": "2025-11-26T13:00:31.498Z",
    "end": "2025-11-26T13:00:34.493Z",
    "duration": 2995,
    "testsRegistered": 1,
    "passPercent": 0,
    "pendingPercent": 0,
    "other": 0,
    "hasOther": false,
    "skipped": 0,
    "hasSkipped": false
  },
  "results": [
    {
      "uuid": "b70cc92e-a573-4d8a-a73a-b78209814a11",
      "title": "",
      "fullFile": "cypress\\e2e\\api\\apiStub.cy.js",
      "file": "cypress\\e2e\\api\\apiStub.cy.js",
      "beforeHooks": [],
      "afterHooks": [],
      "tests": [],
      "suites": [
        {
          "uuid": "a86a79c4-3c61-47e2-8187-57801b4f813d",
          "title": "API Stub Test - SauceDemo",
          "fullFile": "",
          "file": "",
          "beforeHooks": [],
          "afterHooks": [],
          "tests": [
            {
              "title": "should intercept inventory API call and validate",
              "fullTitle": "API Stub Test - SauceDemo should intercept inventory API call and validate",
              "timedOut": null,
              "duration": 2931,
              "state": "failed",
              "speed": null,
              "pass": false,
              "fail": true,
              "pending": false,
              "context": null,
              "code": "cy.intercept('GET', '/inventory.json').as('getInventory');\ncy.visit('/inventory.html');\ncy.wait('@getInventory').its('response.statusCode').should('eq', 200);",
              "err": {
                "message": "CypressError: `cy.visit()` failed trying to load:\n\nhttps://www.saucedemo.com/inventory.html\n\nThe response we received from your web server was:\n\n  > 404: Not Found\n\nThis was considered a failure because the status code was not `2xx`.\n\nIf you do not want status codes to cause failures pass the option: `failOnStatusCode: false`",
                "estack": "CypressError: `cy.visit()` failed trying to load:\n\nhttps://www.saucedemo.com/inventory.html\n\nThe response we received from your web server was:\n\n  > 404: Not Found\n\nThis was considered a failure because the status code was not `2xx`.\n\nIf you do not want status codes to cause failures pass the option: `failOnStatusCode: false`\n    at <unknown> (https://www.saucedemo.com/__cypress/runner/cypress_runner.js:134982:76)\n    at visitFailedByErr (https://www.saucedemo.com/__cypress/runner/cypress_runner.js:134552:12)\n    at <unknown> (https://www.saucedemo.com/__cypress/runner/cypress_runner.js:134965:13)\n    at tryCatcher (https://www.saucedemo.com/__cypress/runner/cypress_runner.js:1777:23)\n    at Promise._settlePromiseFromHandler (https://www.saucedemo.com/__cypress/runner/cypress_runner.js:1489:31)\n    at Promise._settlePromise (https://www.saucedemo.com/__cypress/runner/cypress_runner.js:1546:18)\n    at Promise._settlePromise0 (https://www.saucedemo.com/__cypress/runner/cypress_runner.js:1591:10)\n    at Promise._settlePromises (https://www.saucedemo.com/__cypress/runner/cypress_runner.js:1667:18)\n    at _drainQueueStep (https://www.saucedemo.com/__cypress/runner/cypress_runner.js:2377:12)\n    at _drainQueue (https://www.saucedemo.com/__cypress/runner/cypress_runner.js:2370:9)\n    at Async._drainQueues (https://www.saucedemo.com/__cypress/runner/cypress_runner.js:2386:5)\n    at Async.drainQueues (https://www.saucedemo.com/__cypress/runner/cypress_runner.js:2256:14)\nFrom Your Spec Code:\n    at Context.eval (webpack://cypressclean/./cypress/e2e/api/apiStub.cy.js:11:7)",
                "diff": null
              },
              "uuid": "992d2e66-958b-4104-8288-26d1e0aa5953",
              "parentUUID": "a86a79c4-3c61-47e2-8187-57801b4f813d",
              "isHook": false,
              "skipped": false
            }
          ],
          "suites": [],
          "passes": [],
          "failures": [
            "992d2e66-958b-4104-8288-26d1e0aa5953"
          ],
          "pending": [],
          "skipped": [],
          "duration": 2931,
          "root": false,
          "rootEmpty": false,
          "_timeout": 2000
        }
      ],
      "passes": [],
      "failures": [],
      "pending": [],
      "skipped": [],
      "duration": 0,
      "root": true,
      "rootEmpty": true,
      "_timeout": 2000
    }
  ],
  "meta": {
    "mocha": {
      "version": "7.2.0"
    },
    "mochawesome": {
      "options": {
        "quiet": false,
        "reportFilename": "mochawesome",
        "saveHtml": false,
        "saveJson": true,
        "consoleReporter": "spec",
        "useInlineDiffs": false,
        "code": true
      },
      "version": "7.1.4"
    },
    "marge": {
      "options": {
        "reportDir": "cypress/reports",
        "overwrite": false,
        "html": false,
        "json": true
      },
      "version": "6.3.2"
    }
  }
}