{
  "stats": {
    "suites": 1,
    "tests": 1,
    "passes": 1,
    "pending": 0,
    "failures": 0,
    "start": "2025-11-26T13:49:55.146Z",
    "end": "2025-11-26T13:49:57.970Z",
    "duration": 2824,
    "testsRegistered": 1,
    "passPercent": 100,
    "pendingPercent": 0,
    "other": 0,
    "hasOther": false,
    "skipped": 0,
    "hasSkipped": false
  },
  "results": [
    {
      "uuid": "66790484-4fc7-4f6f-b0b1-c5a31977ad68",
      "title": "",
      "fullFile": "cypress\\e2e\\basics\\form.cy.js",
      "file": "cypress\\e2e\\basics\\form.cy.js",
      "beforeHooks": [],
      "afterHooks": [],
      "tests": [],
      "suites": [
        {
          "uuid": "dcd56d14-2afd-49bf-bc3c-1ad2b6427c7b",
          "title": "Contact Form Test - SauceDemo",
          "fullFile": "",
          "file": "",
          "beforeHooks": [],
          "afterHooks": [],
          "tests": [
            {
              "title": "should submit the form",
              "fullTitle": "Contact Form Test - SauceDemo should submit the form",
              "timedOut": null,
              "duration": 2745,
              "state": "passed",
              "speed": "fast",
              "pass": true,
              "fail": false,
              "pending": false,
              "context": null,
              "code": "cy.visit('/');\ncy.get('[data-test=username]').type('standard_user');\ncy.get('[data-test=password]').type('secret_sauce');\ncy.get('[data-test=login-button]').click();\n// scegli un prodotto qualsiasi\ncy.get('.inventory_item:first .inventory_item_name').click();\ncy.get('.btn_inventory').click();\n// verifica aggiunta al carrello\ncy.get('.shopping_cart_badge').should('contain', '1');",
              "err": {},
              "uuid": "3cc3e082-7f55-42ff-852e-af216d2bd1e6",
              "parentUUID": "dcd56d14-2afd-49bf-bc3c-1ad2b6427c7b",
              "isHook": false,
              "skipped": false
            }
          ],
          "suites": [],
          "passes": [
            "3cc3e082-7f55-42ff-852e-af216d2bd1e6"
          ],
          "failures": [],
          "pending": [],
          "skipped": [],
          "duration": 2745,
          "root": false,
          "rootEmpty": false,
          "_timeout": 2000
        }
      ],
      "passes": [],
      "failures": [],
      "pending": [],
      "skipped": [],
      "duration": 0,
      "root": true,
      "rootEmpty": true,
      "_timeout": 2000
    }
  ],
  "meta": {
    "mocha": {
      "version": "7.2.0"
    },
    "mochawesome": {
      "options": {
        "quiet": false,
        "reportFilename": "mochawesome",
        "saveHtml": false,
        "saveJson": true,
        "consoleReporter": "spec",
        "useInlineDiffs": false,
        "code": true
      },
      "version": "7.1.4"
    },
    "marge": {
      "options": {
        "reportDir": "cypress/reports",
        "overwrite": false,
        "html": false,
        "json": true
      },
      "version": "6.3.2"
    }
  }
}