{
  "stats": {
    "suites": 1,
    "tests": 1,
    "passes": 0,
    "pending": 0,
    "failures": 1,
    "start": "2025-11-26T12:05:31.487Z",
    "end": "2025-11-26T12:05:32.101Z",
    "duration": 614,
    "testsRegistered": 1,
    "passPercent": 0,
    "pendingPercent": 0,
    "other": 0,
    "hasOther": false,
    "skipped": 0,
    "hasSkipped": false
  },
  "results": [
    {
      "uuid": "c4521096-9bbe-49a8-9662-bb98b37e1407",
      "title": "",
      "fullFile": "cypress\\e2e\\intercepts\\intercept.cy.js",
      "file": "cypress\\e2e\\intercepts\\intercept.cy.js",
      "beforeHooks": [],
      "afterHooks": [],
      "tests": [],
      "suites": [
        {
          "uuid": "f26820f6-12b5-4df3-a4a0-a8901e7c72ae",
          "title": "Intercept Example",
          "fullFile": "",
          "file": "",
          "beforeHooks": [],
          "afterHooks": [],
          "tests": [
            {
              "title": "should intercept a POST request",
              "fullTitle": "Intercept Example should intercept a POST request",
              "timedOut": null,
              "duration": 513,
              "state": "failed",
              "speed": null,
              "pass": false,
              "fail": true,
              "pending": false,
              "context": null,
              "code": "cy.intercept('POST', '/api/login', {\n  statusCode: 200,\n  body: {\n    success: true\n  }\n}).as('loginRequest');\ncy.visit('/login');\ncy.get('#username').type('testUser');\ncy.get('#password').type('testPass');\ncy.get('button[type=\"submit\"]').click();\ncy.wait('@loginRequest').its('response.statusCode').should('eq', 200);",
              "err": {
                "message": "CypressError: `cy.visit()` failed trying to load:\n\n/login\n\nWe failed looking for this file at the path:\n\n/CypressClean/login\n\nThe internal Cypress web server responded with:\n\n  > 404: Not Found",
                "estack": "CypressError: `cy.visit()` failed trying to load:\n\n/login\n\nWe failed looking for this file at the path:\n\n/CypressClean/login\n\nThe internal Cypress web server responded with:\n\n  > 404: Not Found\n    at <unknown> (http://localhost:56641/__cypress/runner/cypress_runner.js:134982:76)\n    at visitFailedByErr (http://localhost:56641/__cypress/runner/cypress_runner.js:134552:12)\n    at <unknown> (http://localhost:56641/__cypress/runner/cypress_runner.js:134965:13)\n    at tryCatcher (http://localhost:56641/__cypress/runner/cypress_runner.js:1777:23)\n    at Promise._settlePromiseFromHandler (http://localhost:56641/__cypress/runner/cypress_runner.js:1489:31)\n    at Promise._settlePromise (http://localhost:56641/__cypress/runner/cypress_runner.js:1546:18)\n    at Promise._settlePromise0 (http://localhost:56641/__cypress/runner/cypress_runner.js:1591:10)\n    at Promise._settlePromises (http://localhost:56641/__cypress/runner/cypress_runner.js:1667:18)\n    at _drainQueueStep (http://localhost:56641/__cypress/runner/cypress_runner.js:2377:12)\n    at _drainQueue (http://localhost:56641/__cypress/runner/cypress_runner.js:2370:9)\n    at Async._drainQueues (http://localhost:56641/__cypress/runner/cypress_runner.js:2386:5)\n    at Async.drainQueues (http://localhost:56641/__cypress/runner/cypress_runner.js:2256:14)\nFrom Your Spec Code:\n    at Context.eval (webpack://cypressclean/./cypress/e2e/intercepts/intercept.cy.js:5:7)",
                "diff": null
              },
              "uuid": "3a31b11d-d919-4038-a0c3-a9a13c5f6682",
              "parentUUID": "f26820f6-12b5-4df3-a4a0-a8901e7c72ae",
              "isHook": false,
              "skipped": false
            }
          ],
          "suites": [],
          "passes": [],
          "failures": [
            "3a31b11d-d919-4038-a0c3-a9a13c5f6682"
          ],
          "pending": [],
          "skipped": [],
          "duration": 513,
          "root": false,
          "rootEmpty": false,
          "_timeout": 2000
        }
      ],
      "passes": [],
      "failures": [],
      "pending": [],
      "skipped": [],
      "duration": 0,
      "root": true,
      "rootEmpty": true,
      "_timeout": 2000
    }
  ],
  "meta": {
    "mocha": {
      "version": "7.2.0"
    },
    "mochawesome": {
      "options": {
        "quiet": false,
        "reportFilename": "mochawesome",
        "saveHtml": false,
        "saveJson": true,
        "consoleReporter": "spec",
        "useInlineDiffs": false,
        "code": true
      },
      "version": "7.1.4"
    },
    "marge": {
      "options": {
        "reportDir": "cypress/reports",
        "overwrite": false,
        "html": false,
        "json": true
      },
      "version": "6.3.2"
    }
  }
}