{
  "stats": {
    "suites": 1,
    "tests": 1,
    "passes": 1,
    "pending": 0,
    "failures": 0,
    "start": "2025-12-04T14:49:22.929Z",
    "end": "2025-12-04T14:49:24.543Z",
    "duration": 1614,
    "testsRegistered": 1,
    "passPercent": 100,
    "pendingPercent": 0,
    "other": 0,
    "hasOther": false,
    "skipped": 0,
    "hasSkipped": false
  },
  "results": [
    {
      "uuid": "2ee83852-9867-4494-acd5-1cb733bcc6de",
      "title": "",
      "fullFile": "cypress\\e2e\\basics\\dropdown-radio-behavior.cy.js",
      "file": "cypress\\e2e\\basics\\dropdown-radio-behavior.cy.js",
      "beforeHooks": [],
      "afterHooks": [],
      "tests": [],
      "suites": [
        {
          "uuid": "eb8b70b1-5355-43bc-9541-2e13ca7301d3",
          "title": "Product Sorting - Name Z to A (Radio-like Example)",
          "fullFile": "",
          "file": "",
          "beforeHooks": [],
          "afterHooks": [],
          "tests": [
            {
              "title": "should sort products by Name Z → A using dropdown",
              "fullTitle": "Product Sorting - Name Z to A (Radio-like Example) should sort products by Name Z → A using dropdown",
              "timedOut": null,
              "duration": 1556,
              "state": "passed",
              "speed": "fast",
              "pass": true,
              "fail": false,
              "pending": false,
              "context": null,
              "code": "cy.get('.product_sort_container').select('za');\n// 🔹 Verifica: primo prodotto deve essere quello che inizia per \"T\"\ncy.get('.inventory_item').first().find('.inventory_item_name').should('contain', 'Test.allTheThings() T-Shirt (Red)');",
              "err": {},
              "uuid": "3ab773a8-f126-4ca5-a6b2-1ae147509850",
              "parentUUID": "eb8b70b1-5355-43bc-9541-2e13ca7301d3",
              "isHook": false,
              "skipped": false
            }
          ],
          "suites": [],
          "passes": [
            "3ab773a8-f126-4ca5-a6b2-1ae147509850"
          ],
          "failures": [],
          "pending": [],
          "skipped": [],
          "duration": 1556,
          "root": false,
          "rootEmpty": false,
          "_timeout": 2000
        }
      ],
      "passes": [],
      "failures": [],
      "pending": [],
      "skipped": [],
      "duration": 0,
      "root": true,
      "rootEmpty": true,
      "_timeout": 2000
    }
  ],
  "meta": {
    "mocha": {
      "version": "7.2.0"
    },
    "mochawesome": {
      "options": {
        "quiet": false,
        "reportFilename": "mochawesome",
        "saveHtml": false,
        "saveJson": true,
        "consoleReporter": "spec",
        "useInlineDiffs": false,
        "code": true
      },
      "version": "7.1.4"
    },
    "marge": {
      "options": {
        "reportDir": "cypress/reports",
        "overwrite": false,
        "html": false,
        "json": true
      },
      "version": "6.3.2"
    }
  }
}