{
  "stats": {
    "suites": 1,
    "tests": 2,
    "passes": 2,
    "pending": 0,
    "failures": 0,
    "start": "2025-11-26T13:37:27.213Z",
    "end": "2025-11-26T13:37:28.522Z",
    "duration": 1309,
    "testsRegistered": 2,
    "passPercent": 100,
    "pendingPercent": 0,
    "other": 0,
    "hasOther": false,
    "skipped": 0,
    "hasSkipped": false
  },
  "results": [
    {
      "uuid": "da2bb601-e706-4a00-b2d8-b785a0eeb645",
      "title": "",
      "fullFile": "cypress\\e2e\\regression\\regression.cy.js",
      "file": "cypress\\e2e\\regression\\regression.cy.js",
      "beforeHooks": [],
      "afterHooks": [],
      "tests": [],
      "suites": [
        {
          "uuid": "5b640860-ef26-4c7f-b16b-39ce5ec941eb",
          "title": "Regression Login Test - SauceDemo",
          "fullFile": "",
          "file": "",
          "beforeHooks": [],
          "afterHooks": [],
          "tests": [
            {
              "title": "should load login page correctly",
              "fullTitle": "Regression Login Test - SauceDemo should load login page correctly",
              "timedOut": null,
              "duration": 394,
              "state": "passed",
              "speed": "fast",
              "pass": true,
              "fail": false,
              "pending": false,
              "context": null,
              "code": "cy.get('[data-test=username]').should('be.visible');\ncy.get('[data-test=password]').should('be.visible');",
              "err": {},
              "uuid": "57eb1aa5-a835-40f4-9219-6bc9e810ac57",
              "parentUUID": "5b640860-ef26-4c7f-b16b-39ce5ec941eb",
              "isHook": false,
              "skipped": false
            },
            {
              "title": "should show error for wrong credentials",
              "fullTitle": "Regression Login Test - SauceDemo should show error for wrong credentials",
              "timedOut": null,
              "duration": 843,
              "state": "passed",
              "speed": "fast",
              "pass": true,
              "fail": false,
              "pending": false,
              "context": null,
              "code": "cy.get('[data-test=username]').type('wrong_user');\ncy.get('[data-test=password]').type('wrong_password');\ncy.get('[data-test=login-button]').click();\ncy.get('[data-test=error]').should('contain', 'Username and password do not match');",
              "err": {},
              "uuid": "0381ca11-3b11-448e-8ea4-701588279e6a",
              "parentUUID": "5b640860-ef26-4c7f-b16b-39ce5ec941eb",
              "isHook": false,
              "skipped": false
            }
          ],
          "suites": [],
          "passes": [
            "57eb1aa5-a835-40f4-9219-6bc9e810ac57",
            "0381ca11-3b11-448e-8ea4-701588279e6a"
          ],
          "failures": [],
          "pending": [],
          "skipped": [],
          "duration": 1237,
          "root": false,
          "rootEmpty": false,
          "_timeout": 2000
        }
      ],
      "passes": [],
      "failures": [],
      "pending": [],
      "skipped": [],
      "duration": 0,
      "root": true,
      "rootEmpty": true,
      "_timeout": 2000
    }
  ],
  "meta": {
    "mocha": {
      "version": "7.2.0"
    },
    "mochawesome": {
      "options": {
        "quiet": false,
        "reportFilename": "mochawesome",
        "saveHtml": false,
        "saveJson": true,
        "consoleReporter": "spec",
        "useInlineDiffs": false,
        "code": true
      },
      "version": "7.1.4"
    },
    "marge": {
      "options": {
        "reportDir": "cypress/reports",
        "overwrite": false,
        "html": false,
        "json": true
      },
      "version": "6.3.2"
    }
  }
}