{
  "stats": {
    "suites": 1,
    "tests": 1,
    "passes": 1,
    "pending": 0,
    "failures": 0,
    "start": "2025-11-26T13:50:44.683Z",
    "end": "2025-11-26T13:50:46.827Z",
    "duration": 2144,
    "testsRegistered": 1,
    "passPercent": 100,
    "pendingPercent": 0,
    "other": 0,
    "hasOther": false,
    "skipped": 0,
    "hasSkipped": false
  },
  "results": [
    {
      "uuid": "fcb7bfa1-55d7-43d8-8160-7c510b5893e2",
      "title": "",
      "fullFile": "cypress\\e2e\\real_sites\\02_product.cy.js",
      "file": "cypress\\e2e\\real_sites\\02_product.cy.js",
      "beforeHooks": [],
      "afterHooks": [],
      "tests": [],
      "suites": [
        {
          "uuid": "326598d2-9962-4e0e-a467-6262c642de62",
          "title": "Product Page Tests - SauceDemo",
          "fullFile": "",
          "file": "",
          "beforeHooks": [],
          "afterHooks": [],
          "tests": [
            {
              "title": "should display product titles",
              "fullTitle": "Product Page Tests - SauceDemo should display product titles",
              "timedOut": null,
              "duration": 2079,
              "state": "passed",
              "speed": "fast",
              "pass": true,
              "fail": false,
              "pending": false,
              "context": null,
              "code": "cy.get('.inventory_item_name').should('have.length.greaterThan', 0);",
              "err": {},
              "uuid": "b5146617-d16e-4fe3-ac94-a3158537ed8a",
              "parentUUID": "326598d2-9962-4e0e-a467-6262c642de62",
              "isHook": false,
              "skipped": false
            }
          ],
          "suites": [],
          "passes": [
            "b5146617-d16e-4fe3-ac94-a3158537ed8a"
          ],
          "failures": [],
          "pending": [],
          "skipped": [],
          "duration": 2079,
          "root": false,
          "rootEmpty": false,
          "_timeout": 2000
        }
      ],
      "passes": [],
      "failures": [],
      "pending": [],
      "skipped": [],
      "duration": 0,
      "root": true,
      "rootEmpty": true,
      "_timeout": 2000
    }
  ],
  "meta": {
    "mocha": {
      "version": "7.2.0"
    },
    "mochawesome": {
      "options": {
        "quiet": false,
        "reportFilename": "mochawesome",
        "saveHtml": false,
        "saveJson": true,
        "consoleReporter": "spec",
        "useInlineDiffs": false,
        "code": true
      },
      "version": "7.1.4"
    },
    "marge": {
      "options": {
        "reportDir": "cypress/reports",
        "overwrite": false,
        "html": false,
        "json": true
      },
      "version": "6.3.2"
    }
  }
}