{
  "stats": {
    "suites": 1,
    "tests": 1,
    "passes": 0,
    "pending": 0,
    "failures": 1,
    "start": "2025-12-02T15:53:53.669Z",
    "end": "2025-12-02T15:53:59.230Z",
    "duration": 5561,
    "testsRegistered": 1,
    "passPercent": 0,
    "pendingPercent": 0,
    "other": 0,
    "hasOther": false,
    "skipped": 0,
    "hasSkipped": false
  },
  "results": [
    {
      "uuid": "c0a063e7-3c9a-410e-9787-0a8713ade205",
      "title": "",
      "fullFile": "cypress\\e2e\\api\\api_intercept.cy.js",
      "file": "cypress\\e2e\\api\\api_intercept.cy.js",
      "beforeHooks": [],
      "afterHooks": [],
      "tests": [],
      "suites": [
        {
          "uuid": "cca82e24-3f75-456d-bfe6-e560cef61bfc",
          "title": "API Intercept - ReqRes",
          "fullFile": "",
          "file": "",
          "beforeHooks": [],
          "afterHooks": [],
          "tests": [
            {
              "title": "Intercept GET users and modify response",
              "fullTitle": "API Intercept - ReqRes Intercept GET users and modify response",
              "timedOut": null,
              "duration": 3349,
              "state": "failed",
              "speed": null,
              "pass": false,
              "fail": true,
              "pending": false,
              "context": null,
              "code": "cy.intercept('GET', 'https://reqres.in/api/users?page=2', {\n  statusCode: 200,\n  body: {\n    page: 2,\n    per_page: 6,\n    total: 12,\n    total_pages: 2,\n    data: [{\n      id: 999,\n      email: 'mocked@user.com',\n      first_name: 'Mocked',\n      last_name: 'User'\n    }]\n  }\n}).as('mockUsers');\ncy.visit('https://reqres.in/');\ncy.request('GET', 'https://reqres.in/api/users?page=2').then(() => {\n  cy.wait('@mockUsers').its('response.statusCode').should('eq', 200);\n});",
              "err": {
                "message": "CypressError: `cy.request()` failed on:\n\nhttps://reqres.in/api/users?page=2\n\nThe response we received from your web server was:\n\n  > 403: Forbidden\n\nThis was considered a failure because the status code was not `2xx` or `3xx`.\n\nIf you do not want status codes to cause failures pass the option: `failOnStatusCode: false`\n\n-----------------------------------------------------------\n\nThe request we sent was:\n\nMethod: GET\nURL: https://reqres.in/api/users?page=2\nHeaders: {\n  \"Connection\": \"keep-alive\",\n  \"user-agent\": \"Mozilla/5.0 (Windows NT 10.0; Win64; x64) AppleWebKit/537.36 (KHTML, like Gecko) Cypress/15.2.0 Chrome/136.0.7103.149 Electron/36.4.0 Safari/537.36\",\n  \"accept\": \"*/*\",\n  \"cookie\": \"_gat_gtag_UA_174008107_1=1; _gat=1; _gid=GA1.2.273378416.1764690839; _ga_CESXN06JTW=GS2.1.s1764690838$o1$g0$t1764690838$j60$l0$h0; _ga=GA1.2.790812558.1764690838\",\n  \"accept-encoding\": \"gzip, deflate\"\n}\n\n-----------------------------------------------------------\n\nThe response we got was:\n\nStatus: 403 - Forbidden\nHeaders: {\n  \"date\": \"Tue, 02 Dec 2025 15:53:59 GMT\",\n  \"content-type\": \"text/html; charset=UTF-8\",\n  \"transfer-encoding\": \"chunked\",\n  \"connection\": \"close\",\n  \"accept-ch\": \"Sec-CH-UA-Bitness, Sec-CH-UA-Arch, Sec-CH-UA-Full-Version, Sec-CH-UA-Mobile, Sec-CH-UA-Model, Sec-CH-UA-Platform-Version, Sec-CH-UA-Full-Version-List, Sec-CH-UA-Platform, Sec-CH-UA, UA-Bitness, UA-Arch, UA-Full-Version, UA-Mobile, UA-Model, UA-Platform-Version, UA-Platform, UA\",\n  \"cf-mitigated\": \"challenge\",\n  \"critical-ch\": \"Sec-CH-UA-Bitness, Sec-CH-UA-Arch, Sec-CH-UA-Full-Version, Sec-CH-UA-Mobile, Sec-CH-UA-Model, Sec-CH-UA-Platform-Version, Sec-CH-UA-Full-Version-List, Sec-CH-UA-Platform, Sec-CH-UA, UA-Bitness, UA-Arch, UA-Full-Version, UA-Mobile, UA-Model, UA-Platform-Version, UA-Platform, UA\",\n  \"cross-origin-embedder-policy\": \"require-corp\",\n  \"cross-origin-opener-policy\": \"same-origin\",\n  \"cross-origin-resource-policy\": \"same-origin\",\n  \"origin-agent-cluster\": \"?1\",\n  \"permissions-policy\": \"accelerometer=(),browsing-topics=(),camera=(),clipboard-read=(),clipboard-write=(),geolocation=(),gyroscope=(),hid=(),interest-cohort=(),magnetometer=(),microphone=(),payment=(),publickey-credentials-get=(),screen-wake-lock=(),serial=(),sync-xhr=(),usb=()\",\n  \"referrer-policy\": \"same-origin\",\n  \"server-timing\": \"chlray;desc=\\\"9a7c00148afaee69\\\", cfL4;desc=\\\"?proto=TCP&rtt=30889&min_rtt=28315&rtt_var=6684&sent=20&recv=11&lost=0&retrans=0&sent_bytes=16099&recv_bytes=2116&delivery_rate=350531&cwnd=257&unsent_bytes=0&cid=61d17f2c25c6b4da&ts=2575&x=0\\\"\",\n  \"x-content-type-options\": \"nosniff\",\n  \"x-frame-options\": \"SAMEORIGIN\",\n  \"cache-control\": \"private, max-age=0, no-store, no-cache, must-revalidate, post-check=0, pre-check=0\",\n  \"expires\": \"Thu, 01 Jan 1970 00:00:01 GMT\",\n  \"report-to\": \"{\\\"endpoints\\\":[{\\\"url\\\":\\\"https:\\\\/\\\\/a.nel.cloudflare.com\\\\/report\\\\/v4?s=BI5umP1WVJXoSSg%2B%2B1MLevhN6LYSKzM28iPacazL8XNgYl8iR6XMLmWifWHcbEsgE06Zmz%2F6LiBdaBxLrvP5bS4R0NAmR%2BiqYTEWEzRohP2LjD2fGOArJHbWDw%3D%3D\\\"}],\\\"group\\\":\\\"cf-nel\\\",\\\"max_age\\\":604800}\",\n  \"nel\": \"{\\\"success_fraction\\\":0,\\\"report_to\\\":\\\"cf-nel\\\",\\\"max_age\\\":604800}\",\n  \"vary\": \"Accept-Encoding\",\n  \"server\": \"cloudflare\",\n  \"cf-ray\": \"9a7c00148afaee69-MXP\",\n  \"content-encoding\": \"gzip\"\n}\nBody: <!DOCTYPE html><html lang=\"en-US\"><head><title>Just a moment...</title><meta http-equiv=\"Content-Type\" content=\"text/html; charset=UTF-8\"><meta http-equiv=\"X-UA-Compatible\" content=\"IE=Edge\"><meta name=\"robots\" content=\"noindex,nofollow\"><meta name=\"viewport\" content=\"width=device-width,initial-scale=1\"><style>*{box-sizing:border-box;margin:0;padding:0}html{line-height:1.15;-webkit-text-size-adjust:100%;color:#313131;font-family:system-ui,-apple-system,BlinkMacSystemFont,\"Segoe UI\",Roboto,\"Helvetica Neue\",Arial,\"Noto Sans\",sans-serif,\"Apple Color Emoji\",\"Segoe UI Emoji\",\"Segoe UI Symbol\",\"Noto Color Emoji\"}body{display:flex;flex-direction:column;height:100vh;min-height:100vh}.main-content{margin:8rem auto;padding-left:1.5rem;max-width:60rem}@media (width <= 720px){.main-content{margin-top:4rem}}.h2{line-height:2.25rem;font-size:1.5rem;font-weight:500}@media (width <= 720px){.h2{line-height:1.5rem;font-size:1.25rem}}#challenge-error-text{background-image:url(\"data:image/svg+xml;base64,PHN2ZyB4bWxucz0iaHR0cDovL3d3dy53My5vcmcvMjAwMC9zdmciIHdpZHRoPSIzMiIgaGVpZ2h0PSIzMiIgZmlsbD0ibm9uZSI+PHBhdGggZmlsbD0iI0IyMEYwMyIgZD0iTTE2IDNhMTMgMTMgMCAxIDAgMTMgMTNBMTMuMDE1IDEzLjAxNSAwIDAgMCAxNiAzbTAgMjRhMTEgMTEgMCAxIDEgMTEtMTEgMTEuMDEgMTEuMDEgMCAwIDEtMTEgMTEiLz48cGF0aCBmaWxsPSIjQjIwRjAzIiBkPSJNMTcuMDM4IDE4LjYxNUgxNC44N0wxNC41NjMgOS41aDIuNzgzem0tMS4wODQgMS40MjdxLjY2IDAgMS4wNTcuMzg4LjQwNy4zODkuNDA3Ljk5NCAwIC41OTYtLjQwNy45ODQtLjM5Ny4zOS0xLjA1Ny4zODktLjY1IDAtMS4wNTYtLjM4OS0uMzk4LS4zODktLjM5OC0uOTg0IDAtLjU5Ny4zOTgtLjk4NS40MDYtLjM5NyAxLjA1Ni0uMzk3Ii8+PC9zdmc+\");background-repeat:no-repeat;background-size:contain;padding-left:34px}@media (prefers-color-scheme: dark){body{background-color:#222;color:#d9d9d9}}</style><meta http-equiv=\"refresh\" content=\"360\"></head><body><div class=\"main-wrapper\" role=\"main\"><div class=\"main-content\"><noscript><div class=\"h2\"><span id=\"challenge-error-text\">Enable JavaScript and cookies to continue</span></div></noscript></div></div><script>(function(){window...\n\n\nhttps://on.cypress.io/request",
                "estack": "CypressError: `cy.request()` failed on:\n\nhttps://reqres.in/api/users?page=2\n\nThe response we received from your web server was:\n\n  > 403: Forbidden\n\nThis was considered a failure because the status code was not `2xx` or `3xx`.\n\nIf you do not want status codes to cause failures pass the option: `failOnStatusCode: false`\n\n-----------------------------------------------------------\n\nThe request we sent was:\n\nMethod: GET\nURL: https://reqres.in/api/users?page=2\nHeaders: {\n  \"Connection\": \"keep-alive\",\n  \"user-agent\": \"Mozilla/5.0 (Windows NT 10.0; Win64; x64) AppleWebKit/537.36 (KHTML, like Gecko) Cypress/15.2.0 Chrome/136.0.7103.149 Electron/36.4.0 Safari/537.36\",\n  \"accept\": \"*/*\",\n  \"cookie\": \"_gat_gtag_UA_174008107_1=1; _gat=1; _gid=GA1.2.273378416.1764690839; _ga_CESXN06JTW=GS2.1.s1764690838$o1$g0$t1764690838$j60$l0$h0; _ga=GA1.2.790812558.1764690838\",\n  \"accept-encoding\": \"gzip, deflate\"\n}\n\n-----------------------------------------------------------\n\nThe response we got was:\n\nStatus: 403 - Forbidden\nHeaders: {\n  \"date\": \"Tue, 02 Dec 2025 15:53:59 GMT\",\n  \"content-type\": \"text/html; charset=UTF-8\",\n  \"transfer-encoding\": \"chunked\",\n  \"connection\": \"close\",\n  \"accept-ch\": \"Sec-CH-UA-Bitness, Sec-CH-UA-Arch, Sec-CH-UA-Full-Version, Sec-CH-UA-Mobile, Sec-CH-UA-Model, Sec-CH-UA-Platform-Version, Sec-CH-UA-Full-Version-List, Sec-CH-UA-Platform, Sec-CH-UA, UA-Bitness, UA-Arch, UA-Full-Version, UA-Mobile, UA-Model, UA-Platform-Version, UA-Platform, UA\",\n  \"cf-mitigated\": \"challenge\",\n  \"critical-ch\": \"Sec-CH-UA-Bitness, Sec-CH-UA-Arch, Sec-CH-UA-Full-Version, Sec-CH-UA-Mobile, Sec-CH-UA-Model, Sec-CH-UA-Platform-Version, Sec-CH-UA-Full-Version-List, Sec-CH-UA-Platform, Sec-CH-UA, UA-Bitness, UA-Arch, UA-Full-Version, UA-Mobile, UA-Model, UA-Platform-Version, UA-Platform, UA\",\n  \"cross-origin-embedder-policy\": \"require-corp\",\n  \"cross-origin-opener-policy\": \"same-origin\",\n  \"cross-origin-resource-policy\": \"same-origin\",\n  \"origin-agent-cluster\": \"?1\",\n  \"permissions-policy\": \"accelerometer=(),browsing-topics=(),camera=(),clipboard-read=(),clipboard-write=(),geolocation=(),gyroscope=(),hid=(),interest-cohort=(),magnetometer=(),microphone=(),payment=(),publickey-credentials-get=(),screen-wake-lock=(),serial=(),sync-xhr=(),usb=()\",\n  \"referrer-policy\": \"same-origin\",\n  \"server-timing\": \"chlray;desc=\\\"9a7c00148afaee69\\\", cfL4;desc=\\\"?proto=TCP&rtt=30889&min_rtt=28315&rtt_var=6684&sent=20&recv=11&lost=0&retrans=0&sent_bytes=16099&recv_bytes=2116&delivery_rate=350531&cwnd=257&unsent_bytes=0&cid=61d17f2c25c6b4da&ts=2575&x=0\\\"\",\n  \"x-content-type-options\": \"nosniff\",\n  \"x-frame-options\": \"SAMEORIGIN\",\n  \"cache-control\": \"private, max-age=0, no-store, no-cache, must-revalidate, post-check=0, pre-check=0\",\n  \"expires\": \"Thu, 01 Jan 1970 00:00:01 GMT\",\n  \"report-to\": \"{\\\"endpoints\\\":[{\\\"url\\\":\\\"https:\\\\/\\\\/a.nel.cloudflare.com\\\\/report\\\\/v4?s=BI5umP1WVJXoSSg%2B%2B1MLevhN6LYSKzM28iPacazL8XNgYl8iR6XMLmWifWHcbEsgE06Zmz%2F6LiBdaBxLrvP5bS4R0NAmR%2BiqYTEWEzRohP2LjD2fGOArJHbWDw%3D%3D\\\"}],\\\"group\\\":\\\"cf-nel\\\",\\\"max_age\\\":604800}\",\n  \"nel\": \"{\\\"success_fraction\\\":0,\\\"report_to\\\":\\\"cf-nel\\\",\\\"max_age\\\":604800}\",\n  \"vary\": \"Accept-Encoding\",\n  \"server\": \"cloudflare\",\n  \"cf-ray\": \"9a7c00148afaee69-MXP\",\n  \"content-encoding\": \"gzip\"\n}\nBody: <!DOCTYPE html><html lang=\"en-US\"><head><title>Just a moment...</title><meta http-equiv=\"Content-Type\" content=\"text/html; charset=UTF-8\"><meta http-equiv=\"X-UA-Compatible\" content=\"IE=Edge\"><meta name=\"robots\" content=\"noindex,nofollow\"><meta name=\"viewport\" content=\"width=device-width,initial-scale=1\"><style>*{box-sizing:border-box;margin:0;padding:0}html{line-height:1.15;-webkit-text-size-adjust:100%;color:#313131;font-family:system-ui,-apple-system,BlinkMacSystemFont,\"Segoe UI\",Roboto,\"Helvetica Neue\",Arial,\"Noto Sans\",sans-serif,\"Apple Color Emoji\",\"Segoe UI Emoji\",\"Segoe UI Symbol\",\"Noto Color Emoji\"}body{display:flex;flex-direction:column;height:100vh;min-height:100vh}.main-content{margin:8rem auto;padding-left:1.5rem;max-width:60rem}@media (width <= 720px){.main-content{margin-top:4rem}}.h2{line-height:2.25rem;font-size:1.5rem;font-weight:500}@media (width <= 720px){.h2{line-height:1.5rem;font-size:1.25rem}}#challenge-error-text{background-image:url(\"data:image/svg+xml;base64,PHN2ZyB4bWxucz0iaHR0cDovL3d3dy53My5vcmcvMjAwMC9zdmciIHdpZHRoPSIzMiIgaGVpZ2h0PSIzMiIgZmlsbD0ibm9uZSI+PHBhdGggZmlsbD0iI0IyMEYwMyIgZD0iTTE2IDNhMTMgMTMgMCAxIDAgMTMgMTNBMTMuMDE1IDEzLjAxNSAwIDAgMCAxNiAzbTAgMjRhMTEgMTEgMCAxIDEgMTEtMTEgMTEuMDEgMTEuMDEgMCAwIDEtMTEgMTEiLz48cGF0aCBmaWxsPSIjQjIwRjAzIiBkPSJNMTcuMDM4IDE4LjYxNUgxNC44N0wxNC41NjMgOS41aDIuNzgzem0tMS4wODQgMS40MjdxLjY2IDAgMS4wNTcuMzg4LjQwNy4zODkuNDA3Ljk5NCAwIC41OTYtLjQwNy45ODQtLjM5Ny4zOS0xLjA1Ny4zODktLjY1IDAtMS4wNTYtLjM4OS0uMzk4LS4zODktLjM5OC0uOTg0IDAtLjU5Ny4zOTgtLjk4NS40MDYtLjM5NyAxLjA1Ni0uMzk3Ii8+PC9zdmc+\");background-repeat:no-repeat;background-size:contain;padding-left:34px}@media (prefers-color-scheme: dark){body{background-color:#222;color:#d9d9d9}}</style><meta http-equiv=\"refresh\" content=\"360\"></head><body><div class=\"main-wrapper\" role=\"main\"><div class=\"main-content\"><noscript><div class=\"h2\"><span id=\"challenge-error-text\">Enable JavaScript and cookies to continue</span></div></noscript></div></div><script>(function(){window...\n\n\nhttps://on.cypress.io/request\n    at <unknown> (https://reqres.in/__cypress/runner/cypress_runner.js:136268:72)\n    at tryCatcher (https://reqres.in/__cypress/runner/cypress_runner.js:1777:23)\n    at Promise._settlePromiseFromHandler (https://reqres.in/__cypress/runner/cypress_runner.js:1489:31)\n    at Promise._settlePromise (https://reqres.in/__cypress/runner/cypress_runner.js:1546:18)\n    at Promise._settlePromise0 (https://reqres.in/__cypress/runner/cypress_runner.js:1591:10)\n    at Promise._settlePromises (https://reqres.in/__cypress/runner/cypress_runner.js:1671:18)\n    at _drainQueueStep (https://reqres.in/__cypress/runner/cypress_runner.js:2377:12)\n    at _drainQueue (https://reqres.in/__cypress/runner/cypress_runner.js:2370:9)\n    at Async._drainQueues (https://reqres.in/__cypress/runner/cypress_runner.js:2386:5)\n    at Async.drainQueues (https://reqres.in/__cypress/runner/cypress_runner.js:2256:14)\nFrom Your Spec Code:\n    at Context.eval (webpack://cypressclean/./cypress/e2e/api/api_intercept.cy.js:18:7)",
                "diff": null
              },
              "uuid": "a6e2c724-8c1b-42ac-8a2a-b71609a2c323",
              "parentUUID": "cca82e24-3f75-456d-bfe6-e560cef61bfc",
              "isHook": false,
              "skipped": false
            }
          ],
          "suites": [],
          "passes": [],
          "failures": [
            "a6e2c724-8c1b-42ac-8a2a-b71609a2c323"
          ],
          "pending": [],
          "skipped": [],
          "duration": 3349,
          "root": false,
          "rootEmpty": false,
          "_timeout": 2000
        }
      ],
      "passes": [],
      "failures": [],
      "pending": [],
      "skipped": [],
      "duration": 0,
      "root": true,
      "rootEmpty": true,
      "_timeout": 2000
    }
  ],
  "meta": {
    "mocha": {
      "version": "7.2.0"
    },
    "mochawesome": {
      "options": {
        "quiet": false,
        "reportFilename": "mochawesome",
        "saveHtml": false,
        "saveJson": true,
        "consoleReporter": "spec",
        "useInlineDiffs": false,
        "code": true
      },
      "version": "7.1.4"
    },
    "marge": {
      "options": {
        "reportDir": "cypress/reports",
        "overwrite": false,
        "html": false,
        "json": true
      },
      "version": "6.3.2"
    }
  }
}